<testsuites tests="1323" failures="0" disabled="42" errors="0" time="73765.05499999996" timestamp="2022-01-23T03:55:04" name="AllTests">
  <testsuite name="TestACPLCachePurge" tests="26" failures="0" disabled="0" errors="0" time="6453.981000000001" timestamp="2022-01-23T03:55:04">
    <testcase name="acplcacheTestACPLCachePurgeLastAccessTime" status="run" result="completed" time="212.94" timestamp="2022-01-23T03:55:04" classname="TestACPLCachePurge" />
    <testcase name="acplcacheTestACPLCachePurgeLastAccessTimeForAssetsUnderDirectory" status="run" result="completed" time="224.992" timestamp="2022-01-23T03:58:37" classname="TestACPLCachePurge" />
    <testcase name="acplcacheTestACPLCachePurgeTwoCompositeLastAccessTime" status="run" result="completed" time="210.274" timestamp="2022-01-23T04:02:22" classname="TestACPLCachePurge" />
    <testcase name="acplcacheTestACPLCachePurgeTwoCompositeWithDecimalValueLastAccessTime" status="run" result="completed" time="215.016" timestamp="2022-01-23T04:05:53" classname="TestACPLCachePurge" />
    <testcase name="acplcacheTestACPLCachePurgeWithOnlyCacheMaxSizeLastAccessTime" status="run" result="completed" time="219.812" timestamp="2022-01-23T04:09:28" classname="TestACPLCachePurge" />
    <testcase name="acplcacheTestACPLCachePurgeChangeCacheSizeInBetweenLastAccessTime" status="run" result="completed" time="218.864" timestamp="2022-01-23T04:13:07" classname="TestACPLCachePurge" />
    <testcase name="acplcacheTestACPLCachePurgeForRemoteDownloadLastAccessTime" status="run" result="completed" time="469.511" timestamp="2022-01-23T04:16:46" classname="TestACPLCachePurge" />
    <testcase name="acplcacheTestACPLCachePurgeLastAccessTimeMissing" status="run" result="completed" time="352.631" timestamp="2022-01-23T04:24:36" classname="TestACPLCachePurge" />
    <testcase name="acplcacheTestACPLNativeFileCachePurge" status="run" result="completed" time="227.75" timestamp="2022-01-23T04:30:28" classname="TestACPLCachePurge" />
    <testcase name="acplcacheTestACPLCachePurgeMultipleOpenNativeFile" status="run" result="completed" time="315.022" timestamp="2022-01-23T04:34:16" classname="TestACPLCachePurge" />
    <testcase name="acplcacheTestACPLNativeFileCachePurgePolicyWithDiscard" status="run" result="completed" time="124.936" timestamp="2022-01-23T04:39:31" classname="TestACPLCachePurge" />
    <testcase name="acplcacheTestACPLNativeFileCachePurgeTwoFiles" status="run" result="completed" time="227.463" timestamp="2022-01-23T04:41:36" classname="TestACPLCachePurge" />
    <testcase name="acplcacheTestACPLNativeFileCachePurgeTwoFilesWithDecimalValue" status="run" result="completed" time="227.68" timestamp="2022-01-23T04:45:24" classname="TestACPLCachePurge" />
    <testcase name="acplcacheTestACPLNativeFileCachePurgeLastAccessTime" status="run" result="completed" time="275.196" timestamp="2022-01-23T04:49:11" classname="TestACPLCachePurge" />
    <testcase name="acplcacheTestACPLNativeFileCachePurgeTwoCompositeLastAccessTime" status="run" result="completed" time="273.032" timestamp="2022-01-23T04:53:47" classname="TestACPLCachePurge" />
    <testcase name="acplcacheTestACPLNativeFileCachePurgeTwoFilesWithDecimalValueLastAccessTime" status="run" result="completed" time="270.328" timestamp="2022-01-23T04:58:20" classname="TestACPLCachePurge" />
    <testcase name="acplcacheTestACPLNativeFileCachePurgeWithOnlyCacheMaxSizeLastAccessTime" status="run" result="completed" time="252.267" timestamp="2022-01-23T05:02:50" classname="TestACPLCachePurge" />
    <testcase name="acplcacheTestACPLNativeFileCachePurgeChangeCacheSizeInBetweenLastAccessTime" status="run" result="completed" time="266.135" timestamp="2022-01-23T05:07:02" classname="TestACPLCachePurge" />
    <testcase name="acplcacheTestACPLCachePurgeChangeCacheSizeInBetweenMultipleOpenNativeFile" status="run" result="completed" time="275.237" timestamp="2022-01-23T05:11:28" classname="TestACPLCachePurge" />
    <testcase name="acplcacheTestACPLNativeFileCachePurgeChangeForRemoteDownloadLastAccessTime" status="run" result="completed" time="367.079" timestamp="2022-01-23T05:16:04" classname="TestACPLCachePurge" />
    <testcase name="acplcacheTestACPLCachePurge" status="run" result="completed" time="223.615" timestamp="2022-01-23T05:22:11" classname="TestACPLCachePurge" />
    <testcase name="acplcacheTestACPLCachePurgeTwoComposite" status="run" result="completed" time="206.736" timestamp="2022-01-23T05:25:54" classname="TestACPLCachePurge" />
    <testcase name="acplcacheTestACPLCachePurgeTwoCompositeWithDecimalValue" status="run" result="completed" time="209.011" timestamp="2022-01-23T05:29:21" classname="TestACPLCachePurge" />
    <testcase name="acplcacheTestACPLCachePurgeWithOnlyCacheMaxSize" status="run" result="completed" time="113.822" timestamp="2022-01-23T05:32:50" classname="TestACPLCachePurge" />
    <testcase name="acplcacheTestACPLCachePurgeChangeCacheSizeInBetween" status="run" result="completed" time="238.255" timestamp="2022-01-23T05:34:44" classname="TestACPLCachePurge" />
    <testcase name="acplcacheTestACPLCachePurgeForRemoteDownload" status="run" result="completed" time="236.377" timestamp="2022-01-23T05:38:42" classname="TestACPLCachePurge" />
  </testsuite>
  <testsuite name="TestACPLCacheFilled" tests="3" failures="0" disabled="0" errors="0" time="840.0690000000001" timestamp="2022-01-23T05:42:38">
    <testcase name="acplsmokecacheACPLCacheOverFlowEvent" status="run" result="completed" time="224.122" timestamp="2022-01-23T05:42:38" classname="TestACPLCacheFilled" />
    <testcase name="acplcacheACPLCacheOverFlowSyncDoesNotStop" status="run" result="completed" time="371.789" timestamp="2022-01-23T05:46:23" classname="TestACPLCacheFilled" />
    <testcase name="acplcacheACPLCacheOverFlowDownloadComposite" status="run" result="completed" time="244.158" timestamp="2022-01-23T05:52:34" classname="TestACPLCacheFilled" />
  </testsuite>
  <testsuite name="TestACPLCachePurgeEndToEndScenario" tests="3" failures="0" disabled="3" errors="0" time="0.0" timestamp="1969-12-31T16:00:00">
    <testcase name="DISABLED_acplcacheTestUnpinAndPinAfterSomeTime" status="notrun" result="suppressed" time="0" timestamp="1969-12-31T16:00:00" classname="TestACPLCachePurgeEndToEndScenario" />
    <testcase name="DISABLED_acplcacheTestStopJobWhilePurging" status="notrun" result="suppressed" time="0" timestamp="1969-12-31T16:00:00" classname="TestACPLCachePurgeEndToEndScenario" />
    <testcase name="DISABLED_acplcacheTestStopJobCreateCompositeStartJobWhilePurging" status="notrun" result="suppressed" time="0" timestamp="1969-12-31T16:00:00" classname="TestACPLCachePurgeEndToEndScenario" />
  </testsuite>
  <testsuite name="TestDownloadPerformance" tests="1" failures="0" disabled="1" errors="0" time="0.0" timestamp="1969-12-31T16:00:00">
    <testcase name="DISABLED_acpltestDownloadPerformance" status="notrun" result="suppressed" time="0" timestamp="1969-12-31T16:00:00" classname="TestDownloadPerformance" />
  </testsuite>
  <testsuite name="TestACPLExplicitImplicitPinning" tests="16" failures="0" disabled="0" errors="0" time="1597.9750000000001" timestamp="2022-01-23T05:56:38">
    <testcase name="acplpinTestACPLExplicitPinning" status="run" result="completed" time="127.832" timestamp="2022-01-23T05:56:38" classname="TestACPLExplicitImplicitPinning" />
    <testcase name="acplpinTestACPLImplicitExplicitPinning" status="run" result="completed" time="125.942" timestamp="2022-01-23T05:58:46" classname="TestACPLExplicitImplicitPinning" />
    <testcase name="acplpinTestImplicitPinning" status="run" result="completed" time="97.091" timestamp="2022-01-23T06:00:52" classname="TestACPLExplicitImplicitPinning" />
    <testcase name="acplpinTestExplicitPinningPurge" status="run" result="completed" time="120.956" timestamp="2022-01-23T06:02:29" classname="TestACPLExplicitImplicitPinning" />
    <testcase name="acplpinTestExplicitPinUnpin" status="run" result="completed" time="124.958" timestamp="2022-01-23T06:04:30" classname="TestACPLExplicitImplicitPinning" />
    <testcase name="acplpinTestImplicittoExplicit" status="run" result="completed" time="140.449" timestamp="2022-01-23T06:06:35" classname="TestACPLExplicitImplicitPinning" />
    <testcase name="acplpinTestOpenExplicitImplicitPinning" status="run" result="completed" time="113.619" timestamp="2022-01-23T06:08:56" classname="TestACPLExplicitImplicitPinning" />
    <testcase name="acplpinTestOpenExplicitComposite" status="run" result="completed" time="116.223" timestamp="2022-01-23T06:10:49" classname="TestACPLExplicitImplicitPinning" />
    <testcase name="acplpinTestOpenImplicitComposite" status="run" result="completed" time="43.699" timestamp="2022-01-23T06:12:46" classname="TestACPLExplicitImplicitPinning" />
    <testcase name="acplpinImplicitPinning" status="run" result="completed" time="109.906" timestamp="2022-01-23T06:13:29" classname="TestACPLExplicitImplicitPinning" />
    <testcase name="acplpinUnpinSpecialCharComposites" status="run" result="completed" time="56.49" timestamp="2022-01-23T06:15:19" classname="TestACPLExplicitImplicitPinning" />
    <testcase name="acplpinPinSpecialCharComposites" status="run" result="completed" time="97.238" timestamp="2022-01-23T06:16:16" classname="TestACPLExplicitImplicitPinning" />
    <testcase name="acplTestCloudNativeFileImplicitPinning" status="run" result="completed" time="133.911" timestamp="2022-01-23T06:17:53" classname="TestACPLExplicitImplicitPinning" />
    <testcase name="acplTestCloudNativeFileExplicitPinning" status="run" result="completed" time="104.315" timestamp="2022-01-23T06:20:07" classname="TestACPLExplicitImplicitPinning" />
    <testcase name="acplTestCreateAndExplicitPinAssetInDirectoryThenMoveAssetIntoAnotherDirectoryAndPurgeComposite" status="run" result="completed" time="46.299" timestamp="2022-01-23T06:21:51" classname="TestACPLExplicitImplicitPinning" />
    <testcase name="acplTestCreateAndExplicitPinAssetInDirectoryThenMoveAssetIntoAnotherDirectoryAndPurgeNativeFile" status="run" result="completed" time="39.047" timestamp="2022-01-23T06:22:37" classname="TestACPLExplicitImplicitPinning" />
  </testsuite>
  <testsuite name="TestACPLCacheManagementTTL" tests="15" failures="0" disabled="0" errors="0" time="2611.482" timestamp="2022-01-23T06:23:16">
    <testcase name="acplTTLCacheExpiration" status="run" result="completed" time="151.582" timestamp="2022-01-23T06:23:16" classname="TestACPLCacheManagementTTL" />
    <testcase name="acplTTLAssetExpiration" status="run" result="completed" time="179.424" timestamp="2022-01-23T06:25:48" classname="TestACPLCacheManagementTTL" />
    <testcase name="acplTTLExplicitPinExpiration" status="run" result="completed" time="191.414" timestamp="2022-01-23T06:28:47" classname="TestACPLCacheManagementTTL" />
    <testcase name="acplTTLExplicitImplicitExpiration" status="run" result="completed" time="179.001" timestamp="2022-01-23T06:31:59" classname="TestACPLCacheManagementTTL" />
    <testcase name="acplTTLRemoteComponentExpiration" status="run" result="completed" time="144.652" timestamp="2022-01-23T06:34:58" classname="TestACPLCacheManagementTTL" />
    <testcase name="acplTTLRenameCompositeExpiration" status="run" result="completed" time="157.332" timestamp="2022-01-23T06:37:23" classname="TestACPLCacheManagementTTL" />
    <testcase name="acplTTLSpecialCharExpiration" status="run" result="completed" time="173.053" timestamp="2022-01-23T06:40:00" classname="TestACPLCacheManagementTTL" />
    <testcase name="acplTTLCacheUpdateAssetCachePolicy" status="run" result="completed" time="248.371" timestamp="2022-01-23T06:42:53" classname="TestACPLCacheManagementTTL" />
    <testcase name="acplTTLCacheDeletePolicy" status="run" result="completed" time="110.595" timestamp="2022-01-23T06:47:01" classname="TestACPLCacheManagementTTL" />
    <testcase name="acplCancelPinRequest" status="run" result="completed" time="161.924" timestamp="2022-01-23T06:48:52" classname="TestACPLCacheManagementTTL" />
    <testcase name="acplTestUnpinCompositeWhilePurging" status="run" result="completed" time="188.105" timestamp="2022-01-23T06:51:34" classname="TestACPLCacheManagementTTL" />
    <testcase name="acplTestCreateCompositeWhilePurging" status="run" result="completed" time="176.598" timestamp="2022-01-23T06:54:42" classname="TestACPLCacheManagementTTL" />
    <testcase name="acplTestUpdateCachePurgePolicyWhilePurging" status="run" result="completed" time="175.528" timestamp="2022-01-23T06:57:39" classname="TestACPLCacheManagementTTL" />
    <testcase name="acplTestStopSyncJobWhilePurging" status="run" result="completed" time="198.045" timestamp="2022-01-23T07:00:34" classname="TestACPLCacheManagementTTL" />
    <testcase name="acplTestJobControllerCallWhilePurging" status="run" result="completed" time="175.858" timestamp="2022-01-23T07:03:52" classname="TestACPLCacheManagementTTL" />
  </testsuite>
  <testsuite name="TestACPLBatchDelete" tests="10" failures="0" disabled="0" errors="0" time="271.054" timestamp="2022-01-23T07:06:48">
    <testcase name="acpltestACPLBatchDeleteFileLessThanLimit" status="run" result="completed" time="24.628" timestamp="2022-01-23T07:06:48" classname="TestACPLBatchDelete" />
    <testcase name="testACPLBatchDeleteFileMoreThanLimit" status="run" result="completed" time="26.176" timestamp="2022-01-23T07:07:13" classname="TestACPLBatchDelete" />
    <testcase name="testACPLBatchDeleteFolderLessThanLimit" status="run" result="completed" time="25.98" timestamp="2022-01-23T07:07:39" classname="TestACPLBatchDelete" />
    <testcase name="testACPLBatchDeleteFolderMoreThanLimit" status="run" result="completed" time="27.109" timestamp="2022-01-23T07:08:05" classname="TestACPLBatchDelete" />
    <testcase name="testACPLBatchDeleteCombinationLessThanLimit" status="run" result="completed" time="28.148" timestamp="2022-01-23T07:08:32" classname="TestACPLBatchDelete" />
    <testcase name="testACPLBatchDeleteCombinationMoreThanLimit" status="run" result="completed" time="26.541" timestamp="2022-01-23T07:09:00" classname="TestACPLBatchDelete" />
    <testcase name="testACPLBatchDeleteFilesInsideFolderBelowLimit" status="run" result="completed" time="28.107" timestamp="2022-01-23T07:09:27" classname="TestACPLBatchDelete" />
    <testcase name="testACPLBatchDeleteFilesInsideFolderAboveLimit" status="run" result="completed" time="26.023" timestamp="2022-01-23T07:09:55" classname="TestACPLBatchDelete" />
    <testcase name="testACPLBatchDeleteFolderInsideFolderAboveLimit" status="run" result="completed" time="26.027" timestamp="2022-01-23T07:10:21" classname="TestACPLBatchDelete" />
    <testcase name="testACPLBatchDeleteFolderInsideFolderBelowLimit" status="run" result="completed" time="32.315" timestamp="2022-01-23T07:10:47" classname="TestACPLBatchDelete" />
  </testsuite>
  <testsuite name="TestACPLCornerScenarios" tests="5" failures="0" disabled="0" errors="0" time="269.405" timestamp="2022-01-23T07:11:19">
    <testcase name="acpltestACPLDeleteAssetWithSaveOnlyOpenANDCreateAssetWithSameNameConflict" status="run" result="completed" time="60.859" timestamp="2022-01-23T07:11:19" classname="TestACPLCornerScenarios" />
    <testcase name="acpltestACPLDeleteAssetWithSaveOnlyCloseANDCreateAssetWithSameNameConflict" status="run" result="completed" time="60.033" timestamp="2022-01-23T07:12:20" classname="TestACPLCornerScenarios" />
    <testcase name="acpltestACPLDeleteAssetWithSaveOnlyCloseANDRenameAssetToSameName" status="run" result="completed" time="50.922" timestamp="2022-01-23T07:13:20" classname="TestACPLCornerScenarios" />
    <testcase name="acpltestArchiveAndCreateCompositeWithSameNameOnRemoteWithSyncPause" status="run" result="completed" time="47.96" timestamp="2022-01-23T07:14:11" classname="TestACPLCornerScenarios" />
    <testcase name="acpltestArchiveAndCreateFolderWithSameNameOnRemoteWithSyncPause" status="run" result="completed" time="49.631" timestamp="2022-01-23T07:14:59" classname="TestACPLCornerScenarios" />
  </testsuite>
  <testsuite name="TESTACPLCreateUnpinOpenWithCloudID" tests="1" failures="0" disabled="0" errors="0" time="18.829" timestamp="2022-01-23T07:15:48">
    <testcase name="acplTESTACPLCreateUnpinOpenWithCloudID" status="run" result="completed" time="18.829" timestamp="2022-01-23T07:15:48" classname="TESTACPLCreateUnpinOpenWithCloudID" />
  </testsuite>
  <testsuite name="TestACPLMultipleCommitToComposite" tests="1" failures="0" disabled="0" errors="0" time="27.362" timestamp="2022-01-23T07:16:07">
    <testcase name="acplcommitTestACPLMultipleCommitToComposite" status="run" result="completed" time="27.362" timestamp="2022-01-23T07:16:07" classname="TestACPLMultipleCommitToComposite" />
  </testsuite>
  <testsuite name="TestACPLMultipleCommitWithChildWithoutWaitForEventToCome" tests="1" failures="0" disabled="0" errors="0" time="45.538" timestamp="2022-01-23T07:16:35">
    <testcase name="acplcommitTestACPLMultipleCommitWithChildWithoutWaitForEventToCome" status="run" result="completed" time="45.538" timestamp="2022-01-23T07:16:35" classname="TestACPLMultipleCommitWithChildWithoutWaitForEventToCome" />
  </testsuite>
  <testsuite name="TestACPLMultipleCommitWithComponentWithoutWaitForEventTOCome" tests="1" failures="0" disabled="0" errors="0" time="48.777" timestamp="2022-01-23T07:17:20">
    <testcase name="acplcommitTestACPLMultipleCommitWithComponentWithoutWaitForEventTOCome" status="run" result="completed" time="48.777" timestamp="2022-01-23T07:17:20" classname="TestACPLMultipleCommitWithComponentWithoutWaitForEventTOCome" />
  </testsuite>
  <testsuite name="TestACPLMultipleCommitWith5KBFile" tests="1" failures="0" disabled="0" errors="0" time="43.553" timestamp="2022-01-23T07:18:09">
    <testcase name="acplcommitTestACPLMultipleCommitWith5KBFile" status="run" result="completed" time="43.553" timestamp="2022-01-23T07:18:09" classname="TestACPLMultipleCommitWith5KBFile" />
  </testsuite>
  <testsuite name="TestACPLMultipleCommitWith5MBFile" tests="1" failures="0" disabled="0" errors="0" time="50.984" timestamp="2022-01-23T07:18:52">
    <testcase name="acplcommitTestACPLMultipleCommitWith5MBFile" status="run" result="completed" time="50.984" timestamp="2022-01-23T07:18:52" classname="TestACPLMultipleCommitWith5MBFile" />
  </testsuite>
  <testsuite name="TestACPLAddMultipleCommitwithin2Seconds" tests="1" failures="0" disabled="0" errors="0" time="43.101" timestamp="2022-01-23T07:19:43">
    <testcase name="acplcommitTestACPLAddMultipleCommitwithin2Seconds" status="run" result="completed" time="43.101" timestamp="2022-01-23T07:19:43" classname="TestACPLAddMultipleCommitwithin2Seconds" />
  </testsuite>
  <testsuite name="TestACPLFileDownload" tests="1" failures="0" disabled="0" errors="0" time="12.143" timestamp="2022-01-23T07:20:27">
    <testcase name="acplTestFileDownload" status="run" result="completed" time="12.143" timestamp="2022-01-23T07:20:27" classname="TestACPLFileDownload" />
  </testsuite>
  <testsuite name="TestACPLPropagatePreAnalyzeEvent" tests="1" failures="0" disabled="0" errors="0" time="20.415" timestamp="2022-01-23T07:20:39">
    <testcase name="acplTestACPLPreAnalyzeEvent" status="run" result="completed" time="20.415" timestamp="2022-01-23T07:20:39" classname="TestACPLPropagatePreAnalyzeEvent" />
  </testsuite>
  <testsuite name="TestACPLDeviceStorageForComposite" tests="5" failures="0" disabled="0" errors="0" time="155.235" timestamp="2022-01-23T07:20:59">
    <testcase name="acplsmokeTestACPLDeviceStorageForCreateComposite" status="run" result="completed" time="30.012" timestamp="2022-01-23T07:20:59" classname="TestACPLDeviceStorageForComposite" />
    <testcase name="acplsmokeTestACPLDeviceStorageForDeleteComposite" status="run" result="completed" time="22.279" timestamp="2022-01-23T07:21:29" classname="TestACPLDeviceStorageForComposite" />
    <testcase name="acplsmoketestACPLDeviceStorageForAddComponent" status="run" result="completed" time="32.537" timestamp="2022-01-23T07:21:51" classname="TestACPLDeviceStorageForComposite" />
    <testcase name="acplsmoketestACPLDeleteComponentFromDeviceStorage" status="run" result="completed" time="39.716" timestamp="2022-01-23T07:22:24" classname="TestACPLDeviceStorageForComposite" />
    <testcase name="acpltestACPLDeviceStorageForAddCorruptComponent" status="run" result="completed" time="30.691" timestamp="2022-01-23T07:23:04" classname="TestACPLDeviceStorageForComposite" />
  </testsuite>
  <testsuite name="TestACPLCreateMultipleComposite" tests="1" failures="0" disabled="0" errors="0" time="62.835" timestamp="2022-01-23T07:23:34">
    <testcase name="acplTestACPLCreateMultipleComposite" status="run" result="completed" time="62.835" timestamp="2022-01-23T07:23:34" classname="TestACPLCreateMultipleComposite" />
  </testsuite>
  <testsuite name="TestACPLAddMultipleComponentInAComposite" tests="2" failures="0" disabled="0" errors="0" time="59.791" timestamp="2022-01-23T07:24:37">
    <testcase name="acplTestACPLAddMultipleComponentInAComposite" status="run" result="completed" time="30.287" timestamp="2022-01-23T07:24:37" classname="TestACPLAddMultipleComponentInAComposite" />
    <testcase name="acplTestACPLAddMultipleComponentInACompositeWithBlankTitle" status="run" result="completed" time="29.504" timestamp="2022-01-23T07:25:07" classname="TestACPLAddMultipleComponentInAComposite" />
  </testsuite>
  <testsuite name="TestACPLUploadDownloadBigComposite" tests="2" failures="0" disabled="0" errors="0" time="88.163" timestamp="2022-01-23T07:25:37">
    <testcase name="testACPLDownloadComposite100MB" status="run" result="completed" time="42.013" timestamp="2022-01-23T07:25:37" classname="TestACPLUploadDownloadBigComposite" />
    <testcase name="testACPLDownloadAndUploadComposite100MB" status="run" result="completed" time="46.15" timestamp="2022-01-23T07:26:19" classname="TestACPLUploadDownloadBigComposite" />
  </testsuite>
  <testsuite name="TestACPLAddDuplicateComponent" tests="1" failures="0" disabled="0" errors="0" time="28.975" timestamp="2022-01-23T07:27:05">
    <testcase name="acplAddDuplicateComponent" status="run" result="completed" time="28.975" timestamp="2022-01-23T07:27:05" classname="TestACPLAddDuplicateComponent" />
  </testsuite>
  <testsuite name="TestACPLAddMultipleTypeOfComponentInAComposite" tests="1" failures="0" disabled="0" errors="0" time="26.36" timestamp="2022-01-23T07:27:34">
    <testcase name="acplTestACPLAddMultipleTypeOfComponentInAComposite" status="run" result="completed" time="26.36" timestamp="2022-01-23T07:27:34" classname="TestACPLAddMultipleTypeOfComponentInAComposite" />
  </testsuite>
  <testsuite name="TestACPLAddMultipleComponentInMultipleComposite" tests="1" failures="0" disabled="0" errors="0" time="46.478" timestamp="2022-01-23T07:28:00">
    <testcase name="acplTestACPLAddMultipleComponentInMultipleComposite" status="run" result="completed" time="46.478" timestamp="2022-01-23T07:28:00" classname="TestACPLAddMultipleComponentInMultipleComposite" />
  </testsuite>
  <testsuite name="TestACPLDeleteMultipleComponent" tests="1" failures="0" disabled="0" errors="0" time="40.867" timestamp="2022-01-23T07:28:47">
    <testcase name="acplTestACPLDeleteMultipleComponent" status="run" result="completed" time="40.867" timestamp="2022-01-23T07:28:47" classname="TestACPLDeleteMultipleComponent" />
  </testsuite>
  <testsuite name="TestACPLAddMultipleComponentwithSameName" tests="1" failures="0" disabled="0" errors="0" time="29.905" timestamp="2022-01-23T07:29:28">
    <testcase name="acplTestACPLAddMultipleComponentwithSameName" status="run" result="completed" time="29.905" timestamp="2022-01-23T07:29:28" classname="TestACPLAddMultipleComponentwithSameName" />
  </testsuite>
  <testsuite name="TestACPLSyncErrorEvents" tests="1" failures="0" disabled="0" errors="0" time="16.874" timestamp="2022-01-23T07:29:58">
    <testcase name="acplTestLocalDeleteAfterLocalAddChildRemoteAddChildForSyncError" status="run" result="completed" time="16.874" timestamp="2022-01-23T07:29:58" classname="TestACPLSyncErrorEvents" />
  </testsuite>
  <testsuite name="TestACPLRemoteFileMove" tests="1" failures="0" disabled="0" errors="0" time="25.185" timestamp="2022-01-23T07:30:15">
    <testcase name="acplTestRemoteFileMove" status="run" result="completed" time="25.185" timestamp="2022-01-23T07:30:15" classname="TestACPLRemoteFileMove" />
  </testsuite>
  <testsuite name="TestACPLSimpleConflict" tests="46" failures="0" disabled="0" errors="0" time="3719.845" timestamp="2022-01-23T07:30:40">
    <testcase name="acplLocalUpdateAfterSync" status="run" result="completed" time="27.27" timestamp="2022-01-23T07:30:40" classname="TestACPLSimpleConflict" />
    <testcase name="acplgetAssetAfterResumeSync" status="run" result="completed" time="94.385" timestamp="2022-01-23T07:31:07" classname="TestACPLSimpleConflict" />
    <testcase name="localCreateAfterRemoteCreate" status="run" result="completed" time="40.286" timestamp="2022-01-23T07:32:41" classname="TestACPLSimpleConflict" />
    <testcase name="localCreateAfterRemoteCreateLeadingSpaceAsset" status="run" result="completed" time="39.096" timestamp="2022-01-23T07:33:22" classname="TestACPLSimpleConflict" />
    <testcase name="caseInsensitiveAssetNameGeneration" status="run" result="completed" time="42.24" timestamp="2022-01-23T07:34:01" classname="TestACPLSimpleConflict" />
    <testcase name="localCreateAfterRemoteCreateNoCase" status="run" result="completed" time="54.133" timestamp="2022-01-23T07:34:43" classname="TestACPLSimpleConflict" />
    <testcase name="remoteUpdateAfterSync" status="run" result="completed" time="29.232" timestamp="2022-01-23T07:35:37" classname="TestACPLSimpleConflict" />
    <testcase name="localAddComponenetRemoteAddComponent" status="run" result="completed" time="88.828" timestamp="2022-01-23T07:36:06" classname="TestACPLSimpleConflict" />
    <testcase name="localAddComponenetRemoteAddComponentToLeadingSpaceAsset" status="run" result="completed" time="88.882" timestamp="2022-01-23T07:37:35" classname="TestACPLSimpleConflict" />
    <testcase name="localAddChildRemoteAddChild" status="run" result="completed" time="88.162" timestamp="2022-01-23T07:39:04" classname="TestACPLSimpleConflict" />
    <testcase name="localAddComponentRemoteAddChild" status="run" result="completed" time="88.287" timestamp="2022-01-23T07:40:32" classname="TestACPLSimpleConflict" />
    <testcase name="localAddChildRemoteAddComponent" status="run" result="completed" time="88.403" timestamp="2022-01-23T07:42:01" classname="TestACPLSimpleConflict" />
    <testcase name="localDeleteAfterRemoteUpdate" status="run" result="completed" time="31.412" timestamp="2022-01-23T07:43:29" classname="TestACPLSimpleConflict" />
    <testcase name="localDeleteAfterLocalUpdate" status="run" result="completed" time="30.092" timestamp="2022-01-23T07:44:00" classname="TestACPLSimpleConflict" />
    <testcase name="localDeleteAfterLocalAddComponentRemoteAddComponent" status="run" result="completed" time="35.094" timestamp="2022-01-23T07:44:30" classname="TestACPLSimpleConflict" />
    <testcase name="localDeleteAfterLocalAddChildRemoteAddChild" status="run" result="completed" time="34.262" timestamp="2022-01-23T07:45:06" classname="TestACPLSimpleConflict" />
    <testcase name="localDeleteAfterLocalAddComponentRemoteAddChild" status="run" result="completed" time="35.295" timestamp="2022-01-23T07:45:40" classname="TestACPLSimpleConflict" />
    <testcase name="localDeleteAfterLocalAddChildRemoteAddComponent" status="run" result="completed" time="36.143" timestamp="2022-01-23T07:46:15" classname="TestACPLSimpleConflict" />
    <testcase name="remoteDeleteAfterRemoteUpdate" status="run" result="completed" time="87.733" timestamp="2022-01-23T07:46:51" classname="TestACPLSimpleConflict" />
    <testcase name="remoteDeleteAfterLocalUpdate" status="run" result="completed" time="87.283" timestamp="2022-01-23T07:48:19" classname="TestACPLSimpleConflict" />
    <testcase name="remoteDeleteAfterLocalUpdateAssetWithLeadingSpace" status="run" result="completed" time="87.144" timestamp="2022-01-23T07:49:46" classname="TestACPLSimpleConflict" />
    <testcase name="remoteDeleteAfterLocalAddComponenetRemoteAddComponent" status="run" result="completed" time="88.822" timestamp="2022-01-23T07:51:13" classname="TestACPLSimpleConflict" />
    <testcase name="remoteDeleteAfterLocalAddChildRemoteAddChild" status="run" result="completed" time="88.599" timestamp="2022-01-23T07:52:42" classname="TestACPLSimpleConflict" />
    <testcase name="remoteDeleteAfterLocalAddComponentRemoteAddChild" status="run" result="completed" time="88.461" timestamp="2022-01-23T07:54:11" classname="TestACPLSimpleConflict" />
    <testcase name="remoteDeleteAfterLocalAddChildRemoteAddComponent" status="run" result="completed" time="88.96" timestamp="2022-01-23T07:55:39" classname="TestACPLSimpleConflict" />
    <testcase name="remoteDeleteLocalDeleteAfterRemoteUpdate" status="run" result="completed" time="62.783" timestamp="2022-01-23T07:57:08" classname="TestACPLSimpleConflict" />
    <testcase name="remoteDeleteLocalDeleteAfterLocalUpdate" status="run" result="completed" time="89.916" timestamp="2022-01-23T07:58:11" classname="TestACPLSimpleConflict" />
    <testcase name="remoteDeleteLocalDeleteAfterLocalAddComponenetRemoteAddComponent" status="run" result="completed" time="92.14" timestamp="2022-01-23T07:59:41" classname="TestACPLSimpleConflict" />
    <testcase name="remoteDeleteLocalDeleteAfterLocalAddChildRemoteAddChild" status="run" result="completed" time="89.409" timestamp="2022-01-23T08:01:13" classname="TestACPLSimpleConflict" />
    <testcase name="remoteDeleteLocalDeleteAfterLocalAddComponentRemoteAddChild" status="run" result="completed" time="91.864" timestamp="2022-01-23T08:02:43" classname="TestACPLSimpleConflict" />
    <testcase name="remoteDeleteLocalDeleteAfterLocalAddChildRemoteAddComponent" status="run" result="completed" time="92.576" timestamp="2022-01-23T08:04:14" classname="TestACPLSimpleConflict" />
    <testcase name="acplforkaddComponentToForkedComposite" status="run" result="completed" time="149.718" timestamp="2022-01-23T08:05:47" classname="TestACPLSimpleConflict" />
    <testcase name="acplforkdeleteForkedComposite" status="run" result="completed" time="155.868" timestamp="2022-01-23T08:08:17" classname="TestACPLSimpleConflict" />
    <testcase name="acpltestNameCollisionOfForkWithCloudAsset" status="run" result="completed" time="34.5" timestamp="2022-01-23T08:10:53" classname="TestACPLSimpleConflict" />
    <testcase name="acplforkWithMultipleConflict" status="run" result="completed" time="108.769" timestamp="2022-01-23T08:11:27" classname="TestACPLSimpleConflict" />
    <testcase name="availablePermanentDeleteCloudTlocalF" status="run" result="completed" time="91.561" timestamp="2022-01-23T08:13:16" classname="TestACPLSimpleConflict" />
    <testcase name="DeletePermanentDeleteCloudFlocalF" status="run" result="completed" time="87.252" timestamp="2022-01-23T08:14:47" classname="TestACPLSimpleConflict" />
    <testcase name="DeletePermanentDeleteCloudFlocalT" status="run" result="completed" time="87.356" timestamp="2022-01-23T08:16:15" classname="TestACPLSimpleConflict" />
    <testcase name="availablePermanentDeleteCloudTlocalT" status="run" result="completed" time="93.215" timestamp="2022-01-23T08:17:42" classname="TestACPLSimpleConflict" />
    <testcase name="DeleteAvailableCloudFlocalF" status="run" result="completed" time="86.842" timestamp="2022-01-23T08:19:15" classname="TestACPLSimpleConflict" />
    <testcase name="DeleteAvailableCloudFlocalT" status="run" result="completed" time="26.459" timestamp="2022-01-23T08:20:42" classname="TestACPLSimpleConflict" />
    <testcase name="testACPLConflictAcceptOriginal" status="run" result="completed" time="88.322" timestamp="2022-01-23T08:21:09" classname="TestACPLSimpleConflict" />
    <testcase name="testACPLConflictSaveForkAs" status="run" result="completed" time="92.158" timestamp="2022-01-23T08:22:37" classname="TestACPLSimpleConflict" />
    <testcase name="testACPLConflictAcceptFork" status="run" result="completed" time="92.003" timestamp="2022-01-23T08:24:09" classname="TestACPLSimpleConflict" />
    <testcase name="editEditConflictWithStopSync" status="run" result="completed" time="209.158" timestamp="2022-01-23T08:25:41" classname="TestACPLSimpleConflict" />
    <testcase name="acplKillCSTestEditDeleteConflict" status="run" result="completed" time="209.472" timestamp="2022-01-23T08:29:10" classname="TestACPLSimpleConflict" />
  </testsuite>
  <testsuite name="TestACPLMoreConflicts" tests="18" failures="0" disabled="0" errors="0" time="2380.745" timestamp="2022-01-23T08:32:40">
    <testcase name="forkWithUnCommitedChanges" status="run" result="completed" time="103.357" timestamp="2022-01-23T08:32:40" classname="TestACPLMoreConflicts" />
    <testcase name="localRenameRemoteRenameComponent" status="run" result="completed" time="100.376" timestamp="2022-01-23T08:34:23" classname="TestACPLMoreConflicts" />
    <testcase name="localRenameRemoteRenameChild" status="run" result="completed" time="104.713" timestamp="2022-01-23T08:36:03" classname="TestACPLMoreConflicts" />
    <testcase name="callForkOnForkedComposite" status="run" result="completed" time="92.08" timestamp="2022-01-23T08:37:48" classname="TestACPLMoreConflicts" />
    <testcase name="acplsmokeremoteDeleteAfterLocalUpdateOpenComposite" status="run" result="completed" time="96.72" timestamp="2022-01-23T08:39:20" classname="TestACPLMoreConflicts" />
    <testcase name="localRenameRemoteRenameTitleChange" status="run" result="completed" time="97.026" timestamp="2022-01-23T08:40:57" classname="TestACPLMoreConflicts" />
    <testcase name="localRenameRemoteRenameTitleChange2" status="run" result="completed" time="95.584" timestamp="2022-01-23T08:42:34" classname="TestACPLMoreConflicts" />
    <testcase name="localUpdateRemoteDeleteComposite" status="run" result="completed" time="208.14" timestamp="2022-01-23T08:44:09" classname="TestACPLMoreConflicts" />
    <testcase name="acplcreateCompositeWithSameName" status="run" result="completed" time="88.373" timestamp="2022-01-23T08:47:38" classname="TestACPLMoreConflicts" />
    <testcase name="renameCompositeinLocal" status="run" result="completed" time="26.701" timestamp="2022-01-23T08:49:06" classname="TestACPLMoreConflicts" />
    <testcase name="localRenameRemoteRenameChildWithOpenComposite" status="run" result="completed" time="103.293" timestamp="2022-01-23T08:49:33" classname="TestACPLMoreConflicts" />
    <testcase name="multipleConflictsForComposite" status="run" result="completed" time="225.077" timestamp="2022-01-23T08:51:16" classname="TestACPLMoreConflicts" />
    <testcase name="localUpdateRemoteUpdateComposite" status="run" result="completed" time="91.663" timestamp="2022-01-23T08:55:01" classname="TestACPLMoreConflicts" />
    <testcase name="localUpdateRemoteUpdateAssetInsideDirectory" status="run" result="completed" time="393.963" timestamp="2022-01-23T08:56:33" classname="TestACPLMoreConflicts" />
    <testcase name="localUpdateRemoteUpdateComponent" status="run" result="completed" time="92.206" timestamp="2022-01-23T09:03:07" classname="TestACPLMoreConflicts" />
    <testcase name="localUpdateRemoteUpdateChildWithOpenComposite" status="run" result="completed" time="94.996" timestamp="2022-01-23T09:04:39" classname="TestACPLMoreConflicts" />
    <testcase name="localUpdateRenameRemoteUpdateRenameComposite" status="run" result="completed" time="101.277" timestamp="2022-01-23T09:06:14" classname="TestACPLMoreConflicts" />
    <testcase name="acplTestCreateForkUpdateOriginalComposite" status="run" result="completed" time="265.2" timestamp="2022-01-23T09:07:55" classname="TestACPLMoreConflicts" />
  </testsuite>
  <testsuite name="TestACPLPartialSyncScnerios" tests="9" failures="0" disabled="0" errors="0" time="414.103" timestamp="2022-01-23T09:12:20">
    <testcase name="deletePartiallySyncedComposite" status="run" result="completed" time="50.1" timestamp="2022-01-23T09:12:20" classname="TestACPLPartialSyncScnerios" />
    <testcase name="permenentDeletePartiallySyncedComposite" status="run" result="completed" time="46.054" timestamp="2022-01-23T09:13:10" classname="TestACPLPartialSyncScnerios" />
    <testcase name="addComponentPartiallySyncedComposite" status="run" result="completed" time="43.894" timestamp="2022-01-23T09:13:57" classname="TestACPLPartialSyncScnerios" />
    <testcase name="addChildPartiallySyncedComposite" status="run" result="completed" time="44.2" timestamp="2022-01-23T09:14:40" classname="TestACPLPartialSyncScnerios" />
    <testcase name="acplsmokeaddComponentPartiallySyncedCompositeFullSync" status="run" result="completed" time="45.246" timestamp="2022-01-23T09:15:25" classname="TestACPLPartialSyncScnerios" />
    <testcase name="remoteDeletePartiallySyncedComposite" status="run" result="completed" time="45.609" timestamp="2022-01-23T09:16:10" classname="TestACPLPartialSyncScnerios" />
    <testcase name="addComponentRemotelyPartiallySyncedComposite" status="run" result="completed" time="46.622" timestamp="2022-01-23T09:16:55" classname="TestACPLPartialSyncScnerios" />
    <testcase name="addComponentRemotelyPartiallySyncedCompositeFullSync" status="run" result="completed" time="46.332" timestamp="2022-01-23T09:17:42" classname="TestACPLPartialSyncScnerios" />
    <testcase name="addChildRemotelyPartiallySyncedComposite" status="run" result="completed" time="46.046" timestamp="2022-01-23T09:18:28" classname="TestACPLPartialSyncScnerios" />
  </testsuite>
  <testsuite name="TestACPLPostRemoteOperations" tests="13" failures="0" disabled="0" errors="0" time="424.3860000000001" timestamp="2022-01-23T09:19:14">
    <testcase name="syncAfterRemoteAddComponent" status="run" result="completed" time="12.034" timestamp="2022-01-23T09:19:14" classname="TestACPLPostRemoteOperations" />
    <testcase name="syncAfterRemoteAddChild" status="run" result="completed" time="13.185" timestamp="2022-01-23T09:19:27" classname="TestACPLPostRemoteOperations" />
    <testcase name="syncAfterRemoteAddMultipleComponent" status="run" result="completed" time="14.668" timestamp="2022-01-23T09:19:40" classname="TestACPLPostRemoteOperations" />
    <testcase name="syncAfterRemoteAddMultipleChild" status="run" result="completed" time="16.32" timestamp="2022-01-23T09:19:54" classname="TestACPLPostRemoteOperations" />
    <testcase name="syncAfterRemoteDeleteComponent" status="run" result="completed" time="16.132" timestamp="2022-01-23T09:20:11" classname="TestACPLPostRemoteOperations" />
    <testcase name="syncAfterRemoteDeleteChild" status="run" result="completed" time="2.049" timestamp="2022-01-23T09:20:27" classname="TestACPLPostRemoteOperations" />
    <testcase name="syncAfterRemoteDeleteMultipleComponent" status="run" result="completed" time="20.232" timestamp="2022-01-23T09:20:29" classname="TestACPLPostRemoteOperations" />
    <testcase name="syncAfterRemoteDeleteMultipleChild" status="run" result="completed" time="2.043" timestamp="2022-01-23T09:20:49" classname="TestACPLPostRemoteOperations" />
    <testcase name="syncAfterRemoteAddComponentInTwoComposites" status="run" result="completed" time="78.068" timestamp="2022-01-23T09:20:51" classname="TestACPLPostRemoteOperations" />
    <testcase name="syncAfterRemoteAddChildInTwoComposites" status="run" result="completed" time="77.264" timestamp="2022-01-23T09:22:09" classname="TestACPLPostRemoteOperations" />
    <testcase name="syncAfterRemoteDeleteComposite" status="run" result="completed" time="11.908" timestamp="2022-01-23T09:23:26" classname="TestACPLPostRemoteOperations" />
    <testcase name="syncAfterRemoteDeleteTwoRemoteComposite" status="run" result="completed" time="76.412" timestamp="2022-01-23T09:23:38" classname="TestACPLPostRemoteOperations" />
    <testcase name="syncAfterDeleteComponentInMultipleComposite" status="run" result="completed" time="84.071" timestamp="2022-01-23T09:24:55" classname="TestACPLPostRemoteOperations" />
  </testsuite>
  <testsuite name="TestACPLLocalNotificationTests" tests="5" failures="0" disabled="0" errors="0" time="320.26700000000005" timestamp="2022-01-23T09:26:19">
    <testcase name="testLocalCreate" status="run" result="completed" time="9.441" timestamp="2022-01-23T09:26:19" classname="TestACPLLocalNotificationTests" />
    <testcase name="testLocalModify" status="run" result="completed" time="192.203" timestamp="2022-01-23T09:26:28" classname="TestACPLLocalNotificationTests" />
    <testcase name="testLocalDelete" status="run" result="completed" time="75.68" timestamp="2022-01-23T09:29:41" classname="TestACPLLocalNotificationTests" />
    <testcase name="testLocalUnPin" status="run" result="completed" time="16.319" timestamp="2022-01-23T09:30:56" classname="TestACPLLocalNotificationTests" />
    <testcase name="testLocalModifyUnPin" status="run" result="completed" time="26.624" timestamp="2022-01-23T09:31:13" classname="TestACPLLocalNotificationTests" />
  </testsuite>
  <testsuite name="TestACPLSyncEventsTest" tests="15" failures="0" disabled="0" errors="0" time="1196.6939999999997" timestamp="2022-01-23T09:31:39">
    <testcase name="testLocalCreateEvent" status="run" result="completed" time="82.636" timestamp="2022-01-23T09:31:39" classname="TestACPLSyncEventsTest" />
    <testcase name="testLocalModifyEvent" status="run" result="completed" time="26.522" timestamp="2022-01-23T09:33:02" classname="TestACPLSyncEventsTest" />
    <testcase name="testLocalDeleteEvent" status="run" result="completed" time="25.347" timestamp="2022-01-23T09:33:28" classname="TestACPLSyncEventsTest" />
    <testcase name="testRemoteDeleteEvent" status="run" result="completed" time="27.281" timestamp="2022-01-23T09:33:54" classname="TestACPLSyncEventsTest" />
    <testcase name="testLocalUnPinEvent" status="run" result="completed" time="26.21" timestamp="2022-01-23T09:34:21" classname="TestACPLSyncEventsTest" />
    <testcase name="testRemoteModifyEvent" status="run" result="completed" time="26.685" timestamp="2022-01-23T09:34:47" classname="TestACPLSyncEventsTest" />
    <testcase name="testRegisterSyncEvent" status="run" result="completed" time="59.791" timestamp="2022-01-23T09:35:14" classname="TestACPLSyncEventsTest" />
    <testcase name="testLocalMoveOnSyncSuspendedAsset" status="run" result="completed" time="147.55" timestamp="2022-01-23T09:36:14" classname="TestACPLSyncEventsTest" />
    <testcase name="testRemoteMoveOnSyncSuspendedAsset" status="run" result="completed" time="112.973" timestamp="2022-01-23T09:38:41" classname="TestACPLSyncEventsTest" />
    <testcase name="testRemoteDeleteOnSyncSuspendedAssetConflict" status="run" result="completed" time="149.929" timestamp="2022-01-23T09:40:34" classname="TestACPLSyncEventsTest" />
    <testcase name="testLocalDeleteOnSyncSuspendedAsset" status="run" result="completed" time="149.589" timestamp="2022-01-23T09:43:04" classname="TestACPLSyncEventsTest" />
    <testcase name="testAssetCorruptRemoteChangeWithMergeableConflict" status="run" result="completed" time="35.337" timestamp="2022-01-23T09:45:34" classname="TestACPLSyncEventsTest" />
    <testcase name="multipleCompositeSync" status="run" result="completed" time="91.314" timestamp="2022-01-23T09:46:09" classname="TestACPLSyncEventsTest" />
    <testcase name="testDownloadWithConflictingCloudAssetId" status="run" result="completed" time="147.718" timestamp="2022-01-23T09:47:40" classname="TestACPLSyncEventsTest" />
    <testcase name="testDownloadWithConflictingPlaceholderEntry" status="run" result="completed" time="87.812" timestamp="2022-01-23T09:50:08" classname="TestACPLSyncEventsTest" />
  </testsuite>
  <testsuite name="TestACPLFilterJournalEvents" tests="5" failures="0" disabled="0" errors="0" time="51.823" timestamp="2022-01-23T09:51:36">
    <testcase name="testLocalCreateEvent" status="run" result="completed" time="6.406" timestamp="2022-01-23T09:51:36" classname="TestACPLFilterJournalEvents" />
    <testcase name="testLocalModifyEvent" status="run" result="completed" time="10.352" timestamp="2022-01-23T09:51:42" classname="TestACPLFilterJournalEvents" />
    <testcase name="testLocalDeleteEvent" status="run" result="completed" time="10.948" timestamp="2022-01-23T09:51:53" classname="TestACPLFilterJournalEvents" />
    <testcase name="testRemoteDeleteEvent" status="run" result="completed" time="12.673" timestamp="2022-01-23T09:52:04" classname="TestACPLFilterJournalEvents" />
    <testcase name="testRemoteModifyEvent" status="run" result="completed" time="11.444" timestamp="2022-01-23T09:52:16" classname="TestACPLFilterJournalEvents" />
  </testsuite>
  <testsuite name="TestACPLOpenCompositeTests" tests="4" failures="0" disabled="0" errors="0" time="25.15" timestamp="2022-01-23T09:52:28">
    <testcase name="openCompositewithLocalID" status="run" result="completed" time="7.386" timestamp="2022-01-23T09:52:28" classname="TestACPLOpenCompositeTests" />
    <testcase name="acplOpenCompositewithCloudID" status="run" result="completed" time="7.108" timestamp="2022-01-23T09:52:35" classname="TestACPLOpenCompositeTests" />
    <testcase name="openCompositeInvalidID" status="run" result="completed" time="3.087" timestamp="2022-01-23T09:52:42" classname="TestACPLOpenCompositeTests" />
    <testcase name="openCompositeNOtPresentInCache" status="run" result="completed" time="7.569" timestamp="2022-01-23T09:52:45" classname="TestACPLOpenCompositeTests" />
  </testsuite>
  <testsuite name="TestACPLDeleteComposite" tests="7" failures="0" disabled="0" errors="0" time="72.699" timestamp="2022-01-23T09:52:53">
    <testcase name="archiveunCommitedOpenComposite" status="run" result="completed" time="8.089" timestamp="2022-01-23T09:52:53" classname="TestACPLDeleteComposite" />
    <testcase name="archiveCommitedOpenComposite" status="run" result="completed" time="11.653" timestamp="2022-01-23T09:53:01" classname="TestACPLDeleteComposite" />
    <testcase name="ignoreUncommitedArchiveComposite" status="run" result="completed" time="9.803" timestamp="2022-01-23T09:53:13" classname="TestACPLDeleteComposite" />
    <testcase name="commitToArchivedComposite" status="run" result="completed" time="10.168" timestamp="2022-01-23T09:53:22" classname="TestACPLDeleteComposite" />
    <testcase name="invalidComposite" status="run" result="completed" time="4.086" timestamp="2022-01-23T09:53:33" classname="TestACPLDeleteComposite" />
    <testcase name="archiveDeletedComposite" status="run" result="completed" time="10.228" timestamp="2022-01-23T09:53:37" classname="TestACPLDeleteComposite" />
    <testcase name="testOfflineUnarchiveEvent" status="run" result="completed" time="18.672" timestamp="2022-01-23T09:53:47" classname="TestACPLDeleteComposite" />
  </testsuite>
  <testsuite name="TestACPLCreateDeleteAndAgainCreateAComposite" tests="1" failures="0" disabled="0" errors="0" time="36.728" timestamp="2022-01-23T09:54:05">
    <testcase name="acplTestACPLCreateDeleteAndAgainCreateAComposite" status="run" result="completed" time="36.728" timestamp="2022-01-23T09:54:05" classname="TestACPLCreateDeleteAndAgainCreateAComposite" />
  </testsuite>
  <testsuite name="TestACPLChangeTitleForComposite" tests="1" failures="0" disabled="0" errors="0" time="22.586" timestamp="2022-01-23T09:54:42">
    <testcase name="acplTestACPLChangeTitleForComposite" status="run" result="completed" time="22.586" timestamp="2022-01-23T09:54:42" classname="TestACPLChangeTitleForComposite" />
  </testsuite>
  <testsuite name="TestACPLCCFilesSharingDiscardRestore" tests="23" failures="0" disabled="1" errors="0" time="1077.567" timestamp="2022-01-23T09:55:05">
    <testcase name="P0acplTestOwnerDiscardRestoreCCFolder" status="run" result="completed" time="61.808" timestamp="2022-01-23T09:55:05" classname="TestACPLCCFilesSharingDiscardRestore" />
    <testcase name="P0acplTestOwnerDiscardRestoreSharedCCFile" status="run" result="completed" time="30.336" timestamp="2022-01-23T09:56:07" classname="TestACPLCCFilesSharingDiscardRestore" />
    <testcase name="P0acplTestGuestDiscardRestoreSharedCCFile" status="run" result="completed" time="34.6" timestamp="2022-01-23T09:56:37" classname="TestACPLCCFilesSharingDiscardRestore" />
    <testcase name="P0acplTestOwnerDiscardGuestRestoreSharedCCFile" status="run" result="completed" time="31.113" timestamp="2022-01-23T09:57:12" classname="TestACPLCCFilesSharingDiscardRestore" />
    <testcase name="P0acplTestGuestDiscardOwnerRestoreSharedCCFile" status="run" result="completed" time="33.01" timestamp="2022-01-23T09:57:43" classname="TestACPLCCFilesSharingDiscardRestore" />
    <testcase name="P0acplTestOwnerDiscardRestoreAssetWithOriginalNameGuestModifiesAssetSyncPause" status="run" result="completed" time="30.246" timestamp="2022-01-23T09:58:16" classname="TestACPLCCFilesSharingDiscardRestore" />
    <testcase name="P0acplTestOwnerDiscardRestoreAssetWithNewNameGuestModifiesAssetSyncPause" status="run" result="completed" time="36.492" timestamp="2022-01-23T09:58:46" classname="TestACPLCCFilesSharingDiscardRestore" />
    <testcase name="P0acplTestOwnerDiscardRestoreDirectoryWithGuestModifiesAssetSyncPause" status="run" result="completed" time="49.641" timestamp="2022-01-23T09:59:22" classname="TestACPLCCFilesSharingDiscardRestore" />
    <testcase name="P0acplTestOwnerMoveDiscardedParentMountBasedSharing" status="run" result="completed" time="34.43" timestamp="2022-01-23T10:00:12" classname="TestACPLCCFilesSharingDiscardRestore" />
    <testcase name="DISABLED_P0acplTestGuestMoveOwnerDiscardedParentMountBasedSharing" status="notrun" result="suppressed" time="0" timestamp="1969-12-31T16:00:00" classname="TestACPLCCFilesSharingDiscardRestore" />
    <testcase name="P0acplTestMoveDiscardedParentFileToActiveMountTarget" status="run" result="completed" time="36.768" timestamp="2022-01-23T10:00:46" classname="TestACPLCCFilesSharingDiscardRestore" />
    <testcase name="P0acplTestMoveDiscardedParentDirectoryToActiveMountTarget" status="run" result="completed" time="49.395" timestamp="2022-01-23T10:01:23" classname="TestACPLCCFilesSharingDiscardRestore" />
    <testcase name="P0acplTestOwnerDiscardAncestorCCFolder" status="run" result="completed" time="47.846" timestamp="2022-01-23T10:02:13" classname="TestACPLCCFilesSharingDiscardRestore" />
    <testcase name="P0acplTestGuestArchiveAncestorCCFolder" status="run" result="completed" time="45.476" timestamp="2022-01-23T10:03:00" classname="TestACPLCCFilesSharingDiscardRestore" />
    <testcase name="P0acplTestGuestDiscardAncestorCCFolder" status="run" result="completed" time="40.595" timestamp="2022-01-23T10:03:46" classname="TestACPLCCFilesSharingDiscardRestore" />
    <testcase name="P0acplTestOwnerOperationsOnDiscardedSharedCCFile" status="run" result="completed" time="59.212" timestamp="2022-01-23T10:04:27" classname="TestACPLCCFilesSharingDiscardRestore" />
    <testcase name="P0acplTestGuestOperationsOnDiscardedSharedCCFile" status="run" result="completed" time="60.606" timestamp="2022-01-23T10:05:26" classname="TestACPLCCFilesSharingDiscardRestore" />
    <testcase name="P0acplTestGuestOperationsOnOwnerDiscardedSharedCCFile" status="run" result="completed" time="62.535" timestamp="2022-01-23T10:06:26" classname="TestACPLCCFilesSharingDiscardRestore" />
    <testcase name="P0acplTestOwnerOperationsOnGuestDiscardedSharedCCFile" status="run" result="completed" time="57.465" timestamp="2022-01-23T10:07:29" classname="TestACPLCCFilesSharingDiscardRestore" />
    <testcase name="P0acplTestOwnerModifiesDiscardedSharedCCFolder" status="run" result="completed" time="72.463" timestamp="2022-01-23T10:08:26" classname="TestACPLCCFilesSharingDiscardRestore" />
    <testcase name="P0acplTestGuestModifiesDiscardedSharedCCFolder" status="run" result="completed" time="72.335" timestamp="2022-01-23T10:09:39" classname="TestACPLCCFilesSharingDiscardRestore" />
    <testcase name="P0acplTestOwnerDeletesDiscardedSharedCCFolder" status="run" result="completed" time="66.242" timestamp="2022-01-23T10:10:51" classname="TestACPLCCFilesSharingDiscardRestore" />
    <testcase name="P0acplTestGuestDeletesDiscardedSharedCCFolder" status="run" result="completed" time="64.953" timestamp="2022-01-23T10:11:57" classname="TestACPLCCFilesSharingDiscardRestore" />
  </testsuite>
  <testsuite name="TestACPLCCFilesDiscardRestore" tests="19" failures="0" disabled="1" errors="0" time="659.3199999999998" timestamp="2022-01-23T10:13:02">
    <testcase name="P0acplTestDiscardCCFile" status="run" result="completed" time="14.548" timestamp="2022-01-23T10:13:02" classname="TestACPLCCFilesDiscardRestore" />
    <testcase name="DISABLED_acplTestDiscardCloudOnlyCCFile" status="notrun" result="suppressed" time="0" timestamp="1969-12-31T16:00:00" classname="TestACPLCCFilesDiscardRestore" />
    <testcase name="acplTestDiscardCCFileSyncPause" status="run" result="completed" time="15.19" timestamp="2022-01-23T10:13:17" classname="TestACPLCCFilesDiscardRestore" />
    <testcase name="acplTestRestoreCCFile" status="run" result="completed" time="21.6" timestamp="2022-01-23T10:13:32" classname="TestACPLCCFilesDiscardRestore" />
    <testcase name="acplTestDeleteDiscardedCCFile" status="run" result="completed" time="37.939" timestamp="2022-01-23T10:13:54" classname="TestACPLCCFilesDiscardRestore" />
    <testcase name="acplTestDeleteRestoredCCFile" status="run" result="completed" time="23.529" timestamp="2022-01-23T10:14:32" classname="TestACPLCCFilesDiscardRestore" />
    <testcase name="P0acplTestDiscardNonEmptyCCFolder" status="run" result="completed" time="13.904" timestamp="2022-01-23T10:14:55" classname="TestACPLCCFilesDiscardRestore" />
    <testcase name="P0acplTestDiscardSingleFileInCCFolder" status="run" result="completed" time="17.256" timestamp="2022-01-23T10:15:09" classname="TestACPLCCFilesDiscardRestore" />
    <testcase name="P0acplTestRestoreCCFolder" status="run" result="completed" time="85.701" timestamp="2022-01-23T10:15:26" classname="TestACPLCCFilesDiscardRestore" />
    <testcase name="P0acplTestDeleteDiscardedCCFolder" status="run" result="completed" time="33.877" timestamp="2022-01-23T10:16:52" classname="TestACPLCCFilesDiscardRestore" />
    <testcase name="P0acplTestDeleteRestoredCCFolder" status="run" result="completed" time="20.89" timestamp="2022-01-23T10:17:26" classname="TestACPLCCFilesDiscardRestore" />
    <testcase name="P0acplTestMoveDiscardedParentToRootCCFile" status="run" result="completed" time="26.443" timestamp="2022-01-23T10:17:47" classname="TestACPLCCFilesDiscardRestore" />
    <testcase name="P0acplTestMoveDiscardedParentToActiveHeirarchyCCFile" status="run" result="completed" time="35.806" timestamp="2022-01-23T10:18:13" classname="TestACPLCCFilesDiscardRestore" />
    <testcase name="P0acplTestMoveDiscardedParentCCFolderToActiveFolder" status="run" result="completed" time="41.217" timestamp="2022-01-23T10:18:49" classname="TestACPLCCFilesDiscardRestore" />
    <testcase name="P0acplTestMoveDiscardedParentCCFolderToRoot" status="run" result="completed" time="34.52" timestamp="2022-01-23T10:19:30" classname="TestACPLCCFilesDiscardRestore" />
    <testcase name="P0acpltestModifyDiscardedParentCCFile" status="run" result="completed" time="57.823" timestamp="2022-01-23T10:20:05" classname="TestACPLCCFilesDiscardRestore" />
    <testcase name="P0acpltestDeleteDiscardedParentCCFile" status="run" result="completed" time="44.182" timestamp="2022-01-23T10:21:03" classname="TestACPLCCFilesDiscardRestore" />
    <testcase name="P0acpltestOperationsOnDiscardedCCFile" status="run" result="completed" time="65.029" timestamp="2022-01-23T10:21:47" classname="TestACPLCCFilesDiscardRestore" />
    <testcase name="P0acpltestOperationsOnDiscardedCCFileInFolder" status="run" result="completed" time="69.866" timestamp="2022-01-23T10:22:52" classname="TestACPLCCFilesDiscardRestore" />
  </testsuite>
  <testsuite name="TestACPLDiscardRestoreUSM" tests="122" failures="0" disabled="0" errors="0" time="3583.553999999999" timestamp="2022-01-23T10:24:02">
    <testcase name="P0acplTestDiscardUSMComposite" status="run" result="completed" time="11.252" timestamp="2022-01-23T10:24:02" classname="TestACPLDiscardRestoreUSM" />
    <testcase name="P0acplTestDiscardUSMNativeFile" status="run" result="completed" time="10.738" timestamp="2022-01-23T10:24:13" classname="TestACPLDiscardRestoreUSM" />
    <testcase name="P0acplTestRestoreUSMComposite" status="run" result="completed" time="16.039" timestamp="2022-01-23T10:24:24" classname="TestACPLDiscardRestoreUSM" />
    <testcase name="P0acplTestRestoreUSMNativeFile" status="run" result="completed" time="17.267" timestamp="2022-01-23T10:24:40" classname="TestACPLDiscardRestoreUSM" />
    <testcase name="P0acplTestDeleteRestoredUSMComposite" status="run" result="completed" time="18.27" timestamp="2022-01-23T10:24:57" classname="TestACPLDiscardRestoreUSM" />
    <testcase name="P0acplTestDeleteRestoredUSMNativeFile" status="run" result="completed" time="18.577" timestamp="2022-01-23T10:25:15" classname="TestACPLDiscardRestoreUSM" />
    <testcase name="P0acplTestDeleteDiscardedUSMComposite" status="run" result="completed" time="23.171" timestamp="2022-01-23T10:25:34" classname="TestACPLDiscardRestoreUSM" />
    <testcase name="P0acplTestDeleteDiscardedUSMNativeFile" status="run" result="completed" time="23.482" timestamp="2022-01-23T10:25:57" classname="TestACPLDiscardRestoreUSM" />
    <testcase name="P0acplTestDiscardRestoreDoubleByteCharacterComposite" status="run" result="completed" time="15.185" timestamp="2022-01-23T10:26:20" classname="TestACPLDiscardRestoreUSM" />
    <testcase name="P0acplTestDiscardRestoreDoubleByteCharacterNativeFile" status="run" result="completed" time="15.682" timestamp="2022-01-23T10:26:36" classname="TestACPLDiscardRestoreUSM" />
    <testcase name="acplTestDiscardAndCreateWithSameNameOnCloudWithSyncPauseComposite" status="run" result="completed" time="24.167" timestamp="2022-01-23T10:26:51" classname="TestACPLDiscardRestoreUSM" />
    <testcase name="acplTestDiscardAndCreateWithSameNameOnCloudWithSyncPauseNativeFile" status="run" result="completed" time="71.099" timestamp="2022-01-23T10:27:16" classname="TestACPLDiscardRestoreUSM" />
    <testcase name="acplTestCreateAssetWithDiscardedAssetNameAndRestoreWithOriginalNameComposite" status="run" result="completed" time="14.397" timestamp="2022-01-23T10:28:27" classname="TestACPLDiscardRestoreUSM" />
    <testcase name="acplTestCreateAssetWithDiscardedAssetNameAndRestoreWithOriginalNameNativeFile" status="run" result="completed" time="15.734" timestamp="2022-01-23T10:28:41" classname="TestACPLDiscardRestoreUSM" />
    <testcase name="acplTestCreateAssetWithDiscardedAssetNameAndRestoreWithNewNameComposite" status="run" result="completed" time="19.74" timestamp="2022-01-23T10:28:57" classname="TestACPLDiscardRestoreUSM" />
    <testcase name="acplTestCreateAssetWithDiscardedAssetNameAndRestoreWithNewNameNativeFile" status="run" result="completed" time="20.75" timestamp="2022-01-23T10:29:17" classname="TestACPLDiscardRestoreUSM" />
    <testcase name="acplTestRenameDiscardRestoreWithoutCallbackForMoveComposite" status="run" result="completed" time="21.451" timestamp="2022-01-23T10:29:37" classname="TestACPLDiscardRestoreUSM" />
    <testcase name="acplTestRenameDiscardRestoreWithoutCallbackForMoveNativeFile" status="run" result="completed" time="22.27" timestamp="2022-01-23T10:29:59" classname="TestACPLDiscardRestoreUSM" />
    <testcase name="acplTestDiscardRestoreCloudOnlyAssetComposite" status="run" result="completed" time="19.23" timestamp="2022-01-23T10:30:21" classname="TestACPLDiscardRestoreUSM" />
    <testcase name="acplTestDiscardRestoreCloudOnlyAssetNativeFile" status="run" result="completed" time="18.821" timestamp="2022-01-23T10:30:40" classname="TestACPLDiscardRestoreUSM" />
    <testcase name="acplTestDiscardCompositeTwice" status="run" result="completed" time="17.396" timestamp="2022-01-23T10:30:59" classname="TestACPLDiscardRestoreUSM" />
    <testcase name="acplTestDiscardNativeFileTwice" status="run" result="completed" time="16.773" timestamp="2022-01-23T10:31:16" classname="TestACPLDiscardRestoreUSM" />
    <testcase name="acplTestDiscardRestoreSpecialCharacterComposite" status="run" result="completed" time="16.717" timestamp="2022-01-23T10:31:33" classname="TestACPLDiscardRestoreUSM" />
    <testcase name="acplTestDiscardRestoreSpecialCharacterNativeFile" status="run" result="completed" time="15.123" timestamp="2022-01-23T10:31:50" classname="TestACPLDiscardRestoreUSM" />
    <testcase name="acplTestRestoreOnSyncPauseComposite" status="run" result="completed" time="19.885" timestamp="2022-01-23T10:32:05" classname="TestACPLDiscardRestoreUSM" />
    <testcase name="acplTestRestoreOnSyncPauseNativeFile" status="run" result="completed" time="18" timestamp="2022-01-23T10:32:25" classname="TestACPLDiscardRestoreUSM" />
    <testcase name="acplTestDiscardCompositeInDirectorySyncPause" status="run" result="completed" time="31.867" timestamp="2022-01-23T10:32:43" classname="TestACPLDiscardRestoreUSM" />
    <testcase name="acplTestDiscardNativeFileInDirectorySyncPause" status="run" result="completed" time="32.361" timestamp="2022-01-23T10:33:15" classname="TestACPLDiscardRestoreUSM" />
    <testcase name="acplTestRestoreMultipleComposites" status="run" result="completed" time="35.736" timestamp="2022-01-23T10:33:47" classname="TestACPLDiscardRestoreUSM" />
    <testcase name="acplTestRestoreMultipleNativeFiles" status="run" result="completed" time="38.537" timestamp="2022-01-23T10:34:23" classname="TestACPLDiscardRestoreUSM" />
    <testcase name="acplTestDiscardOpenedComposite" status="run" result="completed" time="10.317" timestamp="2022-01-23T10:35:01" classname="TestACPLDiscardRestoreUSM" />
    <testcase name="acplTestDiscardOpenedNativeFile" status="run" result="completed" time="9.153" timestamp="2022-01-23T10:35:12" classname="TestACPLDiscardRestoreUSM" />
    <testcase name="acplTestDiscardPartiallySyncedComposite" status="run" result="completed" time="15.289" timestamp="2022-01-23T10:35:21" classname="TestACPLDiscardRestoreUSM" />
    <testcase name="acplTestDiscardCommittedChanges" status="run" result="completed" time="13.634" timestamp="2022-01-23T10:35:36" classname="TestACPLDiscardRestoreUSM" />
    <testcase name="acplTestDiscardUnCommittedChanges" status="run" result="completed" time="10.256" timestamp="2022-01-23T10:35:50" classname="TestACPLDiscardRestoreUSM" />
    <testcase name="acplTestDiscardRestoreRenameConflictComposite" status="run" result="completed" time="31.02" timestamp="2022-01-23T10:36:00" classname="TestACPLDiscardRestoreUSM" />
    <testcase name="acplTestDiscardRestoreRenameConflictNativeFile" status="run" result="completed" time="28.251" timestamp="2022-01-23T10:36:31" classname="TestACPLDiscardRestoreUSM" />
    <testcase name="acplTestDiscardRestoreContentConflictComposite" status="run" result="completed" time="22.126" timestamp="2022-01-23T10:36:59" classname="TestACPLDiscardRestoreUSM" />
    <testcase name="acplTestDiscardRestoreContentConflictNativeFile" status="run" result="completed" time="24.222" timestamp="2022-01-23T10:37:21" classname="TestACPLDiscardRestoreUSM" />
    <testcase name="acplTestRestoreCloudAndCreateCompositeLocal" status="run" result="completed" time="26.979" timestamp="2022-01-23T10:37:46" classname="TestACPLDiscardRestoreUSM" />
    <testcase name="acplTestRestoreCloudAndCreateNativeFileLocal" status="run" result="completed" time="26.37" timestamp="2022-01-23T10:38:13" classname="TestACPLDiscardRestoreUSM" />
    <testcase name="acplTestLocalRenameCloudDiscardUSMComposite" status="run" result="completed" time="22.135" timestamp="2022-01-23T10:38:39" classname="TestACPLDiscardRestoreUSM" />
    <testcase name="acplTestLocalRenameCloudDiscardUSMNativeFile" status="run" result="completed" time="22.324" timestamp="2022-01-23T10:39:01" classname="TestACPLDiscardRestoreUSM" />
    <testcase name="acplTestLocalUpdateCloudDiscardConflictComposite" status="run" result="completed" time="12.953" timestamp="2022-01-23T10:39:23" classname="TestACPLDiscardRestoreUSM" />
    <testcase name="acplTestLocalUpdateCloudDiscardConflictNativeFile" status="run" result="completed" time="13.668" timestamp="2022-01-23T10:39:36" classname="TestACPLDiscardRestoreUSM" />
    <testcase name="acplTestLocalDeleteCloudDiscardRestoreComposite" status="run" result="completed" time="18.587" timestamp="2022-01-23T10:39:50" classname="TestACPLDiscardRestoreUSM" />
    <testcase name="acplTestLocalDeleteCloudDiscardRestoreNativeFile" status="run" result="completed" time="19.355" timestamp="2022-01-23T10:40:09" classname="TestACPLDiscardRestoreUSM" />
    <testcase name="acplTestRenameDiscardRestoreComposite" status="run" result="completed" time="23.777" timestamp="2022-01-23T10:40:28" classname="TestACPLDiscardRestoreUSM" />
    <testcase name="acplTestRenameDiscardRestoreNativeFile" status="run" result="completed" time="23.148" timestamp="2022-01-23T10:40:52" classname="TestACPLDiscardRestoreUSM" />
    <testcase name="P0acplTestDiscardNonEmptyDirectory" status="run" result="completed" time="20.178" timestamp="2022-01-23T10:41:15" classname="TestACPLDiscardRestoreUSM" />
    <testcase name="acplTestDiscardRestoreHierarchalFolder" status="run" result="completed" time="56.767" timestamp="2022-01-23T10:41:35" classname="TestACPLDiscardRestoreUSM" />
    <testcase name="acplTestCreateFolderWithSameNameRestoreFolderWithOriginalName" status="run" result="completed" time="36.392" timestamp="2022-01-23T10:42:32" classname="TestACPLDiscardRestoreUSM" />
    <testcase name="acplTestCreateFolderWithSameNameRestoreFolderWithNewName" status="run" result="completed" time="40.753" timestamp="2022-01-23T10:43:08" classname="TestACPLDiscardRestoreUSM" />
    <testcase name="acplTestDiscardCloudOnlyAssetInDirectoryComposite" status="run" result="completed" time="30.229" timestamp="2022-01-23T10:43:49" classname="TestACPLDiscardRestoreUSM" />
    <testcase name="acplTestDiscardChildDirectoryWithDiscardedParentDirectory" status="run" result="completed" time="21.92" timestamp="2022-01-23T10:44:19" classname="TestACPLDiscardRestoreUSM" />
    <testcase name="acplTestiscardRestoreAssetInDirectory" status="run" result="completed" time="32.418" timestamp="2022-01-23T10:44:41" classname="TestACPLDiscardRestoreUSM" />
    <testcase name="acplTestDiscardFolderCloudAndMoveCompositeInNewFolderInLocal" status="run" result="completed" time="31.631" timestamp="2022-01-23T10:45:14" classname="TestACPLDiscardRestoreUSM" />
    <testcase name="P0acplTestRestoreDirectory" status="run" result="completed" time="29.809" timestamp="2022-01-23T10:45:45" classname="TestACPLDiscardRestoreUSM" />
    <testcase name="P0acplTestDeleteDiscardedDirectory" status="run" result="completed" time="36.592" timestamp="2022-01-23T10:46:15" classname="TestACPLDiscardRestoreUSM" />
    <testcase name="P0acplTestDeleteRestoredDirectory" status="run" result="completed" time="29.077" timestamp="2022-01-23T10:46:52" classname="TestACPLDiscardRestoreUSM" />
    <testcase name="acplTestNonEmptyDiscardDirectoryWithPause" status="run" result="completed" time="86.737" timestamp="2022-01-23T10:47:21" classname="TestACPLDiscardRestoreUSM" />
    <testcase name="acplTestLocalEditAssetInDirectoryAndCloudDiscardDirectory" status="run" result="completed" time="27.001" timestamp="2022-01-23T10:48:47" classname="TestACPLDiscardRestoreUSM" />
    <testcase name="acplTestLocalRenameSubDirDiscardRootDir" status="run" result="completed" time="45.444" timestamp="2022-01-23T10:49:14" classname="TestACPLDiscardRestoreUSM" />
    <testcase name="acplTestTwoFoldersCloudMoveDiscardEditLocally" status="run" result="completed" time="41.317" timestamp="2022-01-23T10:50:00" classname="TestACPLDiscardRestoreUSM">
      </testcase>
    <testcase name="acplTestDiscardSpecialCharDirectoryPauseSync" status="run" result="completed" time="29.271" timestamp="2022-01-23T10:51:33" classname="TestACPLDiscardRestoreUSM" />
    <testcase name="acplTestDiscardDirectoryWithUncommittedChanges" status="run" result="completed" time="20.631" timestamp="2022-01-23T10:52:03" classname="TestACPLDiscardRestoreUSM" />
    <testcase name="P0acplTestDiscardDirectoryWithCompsiteUnpushedChanges" status="run" result="completed" time="12.492" timestamp="2022-01-23T10:52:23" classname="TestACPLDiscardRestoreUSM" />
    <testcase name="P0acplTestDiscardDirectoryWithNativeFileUnpushedChanges" status="run" result="completed" time="10.91" timestamp="2022-01-23T10:52:36" classname="TestACPLDiscardRestoreUSM" />
    <testcase name="acplTestDiscardRestoreDirectoryWithCompsiteUnpushedChanges" status="run" result="completed" time="17.903" timestamp="2022-01-23T10:52:47" classname="TestACPLDiscardRestoreUSM" />
    <testcase name="acplTestDiscardRestoreDirectoryWithNativeFileUnpushedChanges" status="run" result="completed" time="18.636" timestamp="2022-01-23T10:53:05" classname="TestACPLDiscardRestoreUSM" />
    <testcase name="acplTestMoveParentDirectoryAndDiscardChildDirectory" status="run" result="completed" time="46.342" timestamp="2022-01-23T10:53:23" classname="TestACPLDiscardRestoreUSM">
      </testcase>
    <testcase name="acplTestModifyDiscardedParentAsset" status="run" result="completed" time="81.032" timestamp="2022-01-23T10:54:50" classname="TestACPLDiscardRestoreUSM" />
    <testcase name="acplTestDeleteDiscardedParentAsset" status="run" result="completed" time="133.917" timestamp="2022-01-23T10:56:11" classname="TestACPLDiscardRestoreUSM" />
    <testcase name="acplTestOperationsOnDiscardedComposite" status="run" result="completed" time="44.879" timestamp="2022-01-23T10:58:24" classname="TestACPLDiscardRestoreUSM" />
    <testcase name="acplTestOperationsOnDiscardedNativeFile" status="run" result="completed" time="43.951" timestamp="2022-01-23T10:59:09" classname="TestACPLDiscardRestoreUSM" />
    <testcase name="P0acplTestMoveDiscardedParentToRoot" status="run" result="completed" time="30.583" timestamp="2022-01-23T10:59:53" classname="TestACPLDiscardRestoreUSM" />
    <testcase name="P0acplTestMoveDiscardedParentToActiveHeirarchy" status="run" result="completed" time="42.057" timestamp="2022-01-23T11:00:24" classname="TestACPLDiscardRestoreUSM" />
    <testcase name="P0acplTestMoveDiscardedParentDirectoryToActiveDirectory" status="run" result="completed" time="57.214" timestamp="2022-01-23T11:01:06" classname="TestACPLDiscardRestoreUSM" />
    <testcase name="P0acplTestMoveDiscardedParentDirectoryToRoot" status="run" result="completed" time="40.912" timestamp="2022-01-23T11:02:03" classname="TestACPLDiscardRestoreUSM" />
    <testcase name="acplTestDiscardOpenCompositeWithStopSync" status="run" result="completed" time="101.761" timestamp="2022-01-23T11:02:44" classname="TestACPLDiscardRestoreUSM" />
    <testcase name="acplTestDiscardOpenFileWithStopSync" status="run" result="completed" time="102.162" timestamp="2022-01-23T11:04:26" classname="TestACPLDiscardRestoreUSM" />
    <testcase name="acplTestDiscardCompositeWithStopSync" status="run" result="completed" time="41.91" timestamp="2022-01-23T11:06:08" classname="TestACPLDiscardRestoreUSM" />
    <testcase name="acplTestDiscardFileWithStopSync" status="run" result="completed" time="41.101" timestamp="2022-01-23T11:06:50" classname="TestACPLDiscardRestoreUSM" />
    <testcase name="P0acplsmokeTestLocalDiscardComposite" status="run" result="completed" time="12.412" timestamp="2022-01-23T11:07:31" classname="TestACPLDiscardRestoreUSM" />
    <testcase name="P0acplsmokeTestLocalDiscardNativeFile" status="run" result="completed" time="11.728" timestamp="2022-01-23T11:07:43" classname="TestACPLDiscardRestoreUSM" />
    <testcase name="P0acplTestLocalDiscardCommittedChanges" status="run" result="completed" time="13.167" timestamp="2022-01-23T11:07:55" classname="TestACPLDiscardRestoreUSM" />
    <testcase name="P0acplTestLocalDiscardUnCommittedChanges" status="run" result="completed" time="10.658" timestamp="2022-01-23T11:08:08" classname="TestACPLDiscardRestoreUSM" />
    <testcase name="P0acplTestLocalDiscardSpecialCharacterComposite" status="run" result="completed" time="16.997" timestamp="2022-01-23T11:08:19" classname="TestACPLDiscardRestoreUSM" />
    <testcase name="P0acplTestLocalDiscardSpecialCharacterNativeFile" status="run" result="completed" time="17.585" timestamp="2022-01-23T11:08:36" classname="TestACPLDiscardRestoreUSM" />
    <testcase name="P0acplTestLocalDiscardPartiallySyncedComposite" status="run" result="completed" time="14.804" timestamp="2022-01-23T11:08:54" classname="TestACPLDiscardRestoreUSM" />
    <testcase name="P0acplTestLocalDiscardCompositeOnSyncStop" status="run" result="completed" time="12.885" timestamp="2022-01-23T11:09:08" classname="TestACPLDiscardRestoreUSM" />
    <testcase name="P0acplTestLocalDiscardNativeFileOnSyncStop" status="run" result="completed" time="13.145" timestamp="2022-01-23T11:09:21" classname="TestACPLDiscardRestoreUSM" />
    <testcase name="P0acplTestLocalDiscardCompositeOnSyncPause" status="run" result="completed" time="13.161" timestamp="2022-01-23T11:09:34" classname="TestACPLDiscardRestoreUSM" />
    <testcase name="P0acplTestLocalDiscardNativeFileOnSyncPause" status="run" result="completed" time="12.258" timestamp="2022-01-23T11:09:48" classname="TestACPLDiscardRestoreUSM" />
    <testcase name="P0acplTestLocalDiscardDoubleByteCharacterComposite" status="run" result="completed" time="15.866" timestamp="2022-01-23T11:10:00" classname="TestACPLDiscardRestoreUSM" />
    <testcase name="P0acplTestLocalDiscardDoubleByteCharacterNativeFile" status="run" result="completed" time="17.237" timestamp="2022-01-23T11:10:16" classname="TestACPLDiscardRestoreUSM" />
    <testcase name="P0acplTestLocalDiscardOpenedComposite" status="run" result="completed" time="10.946" timestamp="2022-01-23T11:10:33" classname="TestACPLDiscardRestoreUSM" />
    <testcase name="acplTestLocalDiscardOpenedNativeFile" status="run" result="completed" time="10.692" timestamp="2022-01-23T11:10:44" classname="TestACPLDiscardRestoreUSM" />
    <testcase name="P0acplTestLocalDiscardRestoreLocalOnlyComposite" status="run" result="completed" time="24.47" timestamp="2022-01-23T11:10:55" classname="TestACPLDiscardRestoreUSM" />
    <testcase name="P0acplTestLocalDiscardRestoreLocalOnlyNativeFile" status="run" result="completed" time="24.687" timestamp="2022-01-23T11:11:19" classname="TestACPLDiscardRestoreUSM" />
    <testcase name="acplTestLocalDiscardRestoreCompositeWithStopSync" status="run" result="completed" time="177.589" timestamp="2022-01-23T11:11:44" classname="TestACPLDiscardRestoreUSM" />
    <testcase name="acplTestLocalDiscardRestoreFileWithStopSync" status="run" result="completed" time="178.179" timestamp="2022-01-23T11:14:41" classname="TestACPLDiscardRestoreUSM" />
    <testcase name="P1acplTestDeleteLocalDiscardedComposite" status="run" result="completed" time="25.168" timestamp="2022-01-23T11:17:39" classname="TestACPLDiscardRestoreUSM" />
    <testcase name="P1acplTestDeleteLocalDiscardedNativeFile" status="run" result="completed" time="23.496" timestamp="2022-01-23T11:18:05" classname="TestACPLDiscardRestoreUSM" />
    <testcase name="P1acplTestLocalDiscardCloudUpdateComposite" status="run" result="completed" time="17.98" timestamp="2022-01-23T11:18:28" classname="TestACPLDiscardRestoreUSM" />
    <testcase name="P1acplTestLocalDiscardCloudUpdateNativeFile" status="run" result="completed" time="14.568" timestamp="2022-01-23T11:18:46" classname="TestACPLDiscardRestoreUSM" />
    <testcase name="P1acplTestLocalDiscardCloudRenameComposite" status="run" result="completed" time="14.786" timestamp="2022-01-23T11:19:01" classname="TestACPLDiscardRestoreUSM" />
    <testcase name="P1acplTestLocalDiscardCloudRenameNativeFile" status="run" result="completed" time="14.219" timestamp="2022-01-23T11:19:15" classname="TestACPLDiscardRestoreUSM" />
    <testcase name="P1acplTestLocalDiscardCloudDeleteComposite" status="run" result="completed" time="12.546" timestamp="2022-01-23T11:19:30" classname="TestACPLDiscardRestoreUSM" />
    <testcase name="P1acplTestLocalDiscardCloudDeleteNativeFile" status="run" result="completed" time="13.242" timestamp="2022-01-23T11:19:42" classname="TestACPLDiscardRestoreUSM" />
    <testcase name="P1acplTestLocalDiscardCompositeInDirectorySyncPause" status="run" result="completed" time="30.203" timestamp="2022-01-23T11:19:55" classname="TestACPLDiscardRestoreUSM" />
    <testcase name="P1acplTestLocalDiscardNativeFileInDirectorySyncPause" status="run" result="completed" time="30.586" timestamp="2022-01-23T11:20:26" classname="TestACPLDiscardRestoreUSM" />
    <testcase name="P2acplTestLocalDiscardCompositeTwice" status="run" result="completed" time="15.723" timestamp="2022-01-23T11:20:56" classname="TestACPLDiscardRestoreUSM" />
    <testcase name="P2acplTestLocalDiscardNativeFileTwice" status="run" result="completed" time="16.734" timestamp="2022-01-23T11:21:12" classname="TestACPLDiscardRestoreUSM" />
    <testcase name="P2acplTestLocalDiscardMultipleComposites" status="run" result="completed" time="39.46" timestamp="2022-01-23T11:21:29" classname="TestACPLDiscardRestoreUSM" />
    <testcase name="P2acplTestLocalDiscardMultipleNativeFiles" status="run" result="completed" time="39.551" timestamp="2022-01-23T11:22:08" classname="TestACPLDiscardRestoreUSM" />
    <testcase name="P2acplTestRenameAndLocalDiscardComposite" status="run" result="completed" time="25.809" timestamp="2022-01-23T11:22:48" classname="TestACPLDiscardRestoreUSM">
      </testcase>
    <testcase name="P2acplTestRenameAndLocalDiscardNativeFile" status="run" result="completed" time="23.715" timestamp="2022-01-23T11:23:51" classname="TestACPLDiscardRestoreUSM" />
    <testcase name="P2acplTestLocalDiscardCompositeInDirectoryAndCloudRenameDirectory" status="run" result="completed" time="27.41" timestamp="2022-01-23T11:24:15" classname="TestACPLDiscardRestoreUSM" />
    <testcase name="P2acplTestLocalDiscardNativeFileInDirectoryAndCloudRenameDirectory" status="run" result="completed" time="25.796" timestamp="2022-01-23T11:24:42" classname="TestACPLDiscardRestoreUSM" />
    <testcase name="P2acplTestRemoteRenameLocalDiscardRestoreCompositeWithoutCallbackForMove" status="run" result="completed" time="23.502" timestamp="2022-01-23T11:25:08" classname="TestACPLDiscardRestoreUSM" />
    <testcase name="P2acplTestRemoteRenameLocalDiscardRestoreNativeFileWithoutCallbackForMove" status="run" result="completed" time="23.384" timestamp="2022-01-23T11:25:32" classname="TestACPLDiscardRestoreUSM" />
  </testsuite>
  <testsuite name="TestACPLCloudNativeFileDownload" tests="13" failures="0" disabled="0" errors="0" time="828.808" timestamp="2022-01-23T11:25:55">
    <testcase name="acplsmokeTestACPLCloudNativeFileAssetNewDownload" status="run" result="completed" time="23.59" timestamp="2022-01-23T11:25:55" classname="TestACPLCloudNativeFileDownload" />
    <testcase name="acplsmokeTestACPLCloudNativeFileAssetUpdateDownload" status="run" result="completed" time="26.621" timestamp="2022-01-23T11:26:19" classname="TestACPLCloudNativeFileDownload" />
[...]
    <testcase name="P0acplCCIContributorONSPollingForCachedCompositeWithRemoteDeletionWithDefaultConfig" status="run" result="completed" time="26.898" timestamp="2022-01-23T23:13:31" classname="TestACPLCCISpaceContributor" />
    <testcase name="P0acplCCIContributorONSPollingForCachedNativeFileWithRemoteDeletionWithDefaultConfig" status="run" result="completed" time="24.447" timestamp="2022-01-23T23:13:58" classname="TestACPLCCISpaceContributor" />
    <testcase name="acplCCIContributorCreateDeleteRecursiveFolderComposite" status="run" result="completed" time="20.557" timestamp="2022-01-23T23:14:23" classname="TestACPLCCISpaceContributor" />
    <testcase name="acplCCIContributorCreateDeleteRecursiveFolderFile" status="run" result="completed" time="21.382" timestamp="2022-01-23T23:14:43" classname="TestACPLCCISpaceContributor" />
    <testcase name="acplCCIContributorUnpinCompositeImmidiatelyOnSyncPause" status="run" result="completed" time="19.135" timestamp="2022-01-23T23:15:04" classname="TestACPLCCISpaceContributor" />
    <testcase name="acplCCIContributorUnpinNativeFileImmidiatelyOnSyncPause" status="run" result="completed" time="16.414" timestamp="2022-01-23T23:15:24" classname="TestACPLCCISpaceContributor" />
    <testcase name="acplCCIContributorRemoteMoveOnSyncSuspendedAsset" status="run" result="completed" time="18.427" timestamp="2022-01-23T23:15:40" classname="TestACPLCCISpaceContributor" />
  </testsuite>
  <testsuite name="TestACPLAppMetadataUSM" tests="50" failures="0" disabled="0" errors="0" time="2645.017" timestamp="2022-01-23T23:15:58">
    <testcase name="P0acplTestACPLRetrieveAppMetadataOfDownloadedComposite" status="run" result="completed" time="8.509" timestamp="2022-01-23T23:15:58" classname="TestACPLAppMetadataUSM" />
    <testcase name="P0acplTestACPLRetrieveAppMetadataOfDownloadedNativeFile" status="run" result="completed" time="9.723" timestamp="2022-01-23T23:16:07" classname="TestACPLAppMetadataUSM" />
    <testcase name="P0acplTestACPLRetrieveAppMetadataOfUpdatedComposite" status="run" result="completed" time="14.876" timestamp="2022-01-23T23:16:17" classname="TestACPLAppMetadataUSM" />
    <testcase name="P0acplTestACPLRetrieveAppMetadataOfUpdatedNativeFile" status="run" result="completed" time="11.409" timestamp="2022-01-23T23:16:32" classname="TestACPLAppMetadataUSM" />
    <testcase name="P0acplTestACPLRetrieveAppMetadataWithJobStopComposite" status="run" result="completed" time="40.481" timestamp="2022-01-23T23:16:43" classname="TestACPLAppMetadataUSM" />
    <testcase name="P0acplTestACPLRetrieveAppMetadataWithJobStopNativeFile" status="run" result="completed" time="41.804" timestamp="2022-01-23T23:17:23" classname="TestACPLAppMetadataUSM" />
    <testcase name="P1acplTestACPLRetrieveAppMetadataForDiscardedComposite" status="run" result="completed" time="9.764" timestamp="2022-01-23T23:18:05" classname="TestACPLAppMetadataUSM" />
    <testcase name="P1acplTestACPLRetrieveAppMetadataForDiscardedNativeFile" status="run" result="completed" time="11.782" timestamp="2022-01-23T23:18:15" classname="TestACPLAppMetadataUSM" />
    <testcase name="P1acplTestACPLRetrieveAppMetadataForRestoredComposite" status="run" result="completed" time="16.32" timestamp="2022-01-23T23:18:27" classname="TestACPLAppMetadataUSM" />
    <testcase name="P1acplTestACPLRetrieveAppMetadataForRestoredNativeFile" status="run" result="completed" time="17.395" timestamp="2022-01-23T23:18:43" classname="TestACPLAppMetadataUSM" />
    <testcase name="P1acplTestACPLRetrieveAppMetadataForPermanentlyDeletedComposite" status="run" result="completed" time="12.263" timestamp="2022-01-23T23:19:01" classname="TestACPLAppMetadataUSM" />
    <testcase name="P1acplTestACPLRetrieveAppMetadataForPermanentlyDeletedNativeFile" status="run" result="completed" time="12.403" timestamp="2022-01-23T23:19:13" classname="TestACPLAppMetadataUSM" />
    <testcase name="P1acplTestACPLValidateSecondariesSyncErrorForPermanentlyDeletedComposite" status="run" result="completed" time="11.121" timestamp="2022-01-23T23:19:25" classname="TestACPLAppMetadataUSM" />
    <testcase name="P1acplTestACPLSecondariesSyncErrorForPermanentlyDeletedNativeFile" status="run" result="completed" time="13.102" timestamp="2022-01-23T23:19:36" classname="TestACPLAppMetadataUSM" />
    <testcase name="P1acplTestACPLRetrieveAppMetadataForMultipleComposite" status="run" result="completed" time="20.607" timestamp="2022-01-23T23:19:49" classname="TestACPLAppMetadataUSM" />
    <testcase name="P1acplTestACPLRetrieveAppMetadataForMultipleNativeFile" status="run" result="completed" time="19.433" timestamp="2022-01-23T23:20:10" classname="TestACPLAppMetadataUSM" />
    <testcase name="P1acplTestACPLRetrieveAppMetadataMultipleTimesAfterAppMetadataUpdateForComposite" status="run" result="completed" time="10.444" timestamp="2022-01-23T23:20:29" classname="TestACPLAppMetadataUSM" />
    <testcase name="P1acplTestACPLRetrieveAppMetadataMultipleTimesAfterAppMetadataUpdateForNativeFile" status="run" result="completed" time="11.456" timestamp="2022-01-23T23:20:40" classname="TestACPLAppMetadataUSM" />
    <testcase name="P1acplTestACPLRetrieveAppMetadataForDirectoryComposite" status="run" result="completed" time="10.825" timestamp="2022-01-23T23:20:51" classname="TestACPLAppMetadataUSM" />
    <testcase name="P1acplTestACPLRetrieveAppMetadataForDirectoryNativeFile" status="run" result="completed" time="10.278" timestamp="2022-01-23T23:21:02" classname="TestACPLAppMetadataUSM" />
    <testcase name="P1acplTestACPLRetrieveAppMetadataAfterLocalDiscardRestoreComposite" status="run" result="completed" time="117.243" timestamp="2022-01-23T23:21:12" classname="TestACPLAppMetadataUSM" />
    <testcase name="P1acplTestACPLRetrieveAppMetadataAfterLocalDiscardRestoreNativeFile" status="run" result="completed" time="119.558" timestamp="2022-01-23T23:23:10" classname="TestACPLAppMetadataUSM" />
    <testcase name="P1acplTestACPLRetrieveAppMetadataOfPinnedComposite" status="run" result="completed" time="40.979" timestamp="2022-01-23T23:25:09" classname="TestACPLAppMetadataUSM" />
    <testcase name="P1acplTestACPLRetrieveAppMetadataOfPinnedNativeFile" status="run" result="completed" time="40.662" timestamp="2022-01-23T23:25:50" classname="TestACPLAppMetadataUSM" />
    <testcase name="P1acplTestACPLRetrieveAppMetadataOfUnPinnedComposite" status="run" result="completed" time="12.236" timestamp="2022-01-23T23:26:31" classname="TestACPLAppMetadataUSM" />
    <testcase name="P1acplTestACPLRetrieveAppMetadataOfUnPinnedNativeFile" status="run" result="completed" time="10.592" timestamp="2022-01-23T23:26:43" classname="TestACPLAppMetadataUSM" />
    <testcase name="P1acplTestACPLRetrieveAppMetadataOfPinnedCompositeOnJobStop" status="run" result="completed" time="41.521" timestamp="2022-01-23T23:26:54" classname="TestACPLAppMetadataUSM" />
    <testcase name="P2acplTestACPLRetrieveAppMetadataAfterDBCorruptForComposite" status="run" result="completed" time="325.704" timestamp="2022-01-23T23:27:35" classname="TestACPLAppMetadataUSM" />
    <testcase name="P2acplTestACPLRetrieveAppMetadataAfterDBCorruptForNativeFile" status="run" result="completed" time="475.135" timestamp="2022-01-23T23:33:01" classname="TestACPLAppMetadataUSM" />
    <testcase name="P2acplTestACPLUpdateAppMetadataAfterDBCorruptForComposite" status="run" result="completed" time="371.023" timestamp="2022-01-23T23:40:56" classname="TestACPLAppMetadataUSM">
      </testcase>
    <testcase name="P2acplTestACPLUpdateAppMetadataAfterDBCorruptForNativeFile" status="run" result="completed" time="366.226" timestamp="2022-01-23T23:50:02" classname="TestACPLAppMetadataUSM">
      </testcase>
    <testcase name="P1acplTestACPLRetrieveAppMetadataOfPinnedNativeFileOnJobStop" status="run" result="completed" time="93.016" timestamp="2022-01-24T00:00:03" classname="TestACPLAppMetadataUSM" />
    <testcase name="P1acplTestACPLRetrieveAppMetadataOfUnPinnedCompositeOnJobStop" status="run" result="completed" time="10.514" timestamp="2022-01-24T00:01:36" classname="TestACPLAppMetadataUSM" />
    <testcase name="P1acplTestACPLRetrieveAppMetadataOfUnPinnedNativeFileOnJobStop" status="run" result="completed" time="11.435" timestamp="2022-01-24T00:01:47" classname="TestACPLAppMetadataUSM" />
    <testcase name="P1acplTestACPLRetrieveAppMetadataDuringSyncPauseComposite" status="run" result="completed" time="12.878" timestamp="2022-01-24T00:01:58" classname="TestACPLAppMetadataUSM" />
    <testcase name="P1acplTestACPLRetrieveAppMetadataDuringSyncPauseNativeFile" status="run" result="completed" time="14.037" timestamp="2022-01-24T00:02:11" classname="TestACPLAppMetadataUSM" />
    <testcase name="P1acplTestACPLRetrieveSecondariesForOpenComposite" status="run" result="completed" time="11.642" timestamp="2022-01-24T00:02:25" classname="TestACPLAppMetadataUSM" />
    <testcase name="P1acplTestACPLRetrieveSecondariesForOpenNativeFile" status="run" result="completed" time="12.16" timestamp="2022-01-24T00:02:37" classname="TestACPLAppMetadataUSM" />
    <testcase name="P1acplTestACPLRetrieveAppMetadataAfterRestoredComposite" status="run" result="completed" time="18.823" timestamp="2022-01-24T00:02:49" classname="TestACPLAppMetadataUSM" />
    <testcase name="P1acplTestACPLRetrieveAppMetadataAfterRestoredNativeFile" status="run" result="completed" time="17.939" timestamp="2022-01-24T00:03:08" classname="TestACPLAppMetadataUSM" />
    <testcase name="P1acplTestACPLRenameCompositeRetrieveSecondaries" status="run" result="completed" time="19.464" timestamp="2022-01-24T00:03:26" classname="TestACPLAppMetadataUSM" />
    <testcase name="P1acplTestACPLRenameNativeFileRetrieveSecondaries" status="run" result="completed" time="18.579" timestamp="2022-01-24T00:03:45" classname="TestACPLAppMetadataUSM" />
    <testcase name="P1acplTestACPLRenameCompositeRetrieveSecondariesDuringJobStop" status="run" result="completed" time="19.193" timestamp="2022-01-24T00:04:04" classname="TestACPLAppMetadataUSM" />
    <testcase name="P1acplTestACPLRenameNativeFileRetrieveSecondariesDuringJobStop" status="run" result="completed" time="19.642" timestamp="2022-01-24T00:04:23" classname="TestACPLAppMetadataUSM" />
    <testcase name="P1acplTestACPLUploadAssetAndRetrieveSecondaries" status="run" result="completed" time="7.821" timestamp="2022-01-24T00:04:42" classname="TestACPLAppMetadataUSM" />
    <testcase name="P1acplTestACPLUploadAssetAndRetrieveSecondariesNativeFile" status="run" result="completed" time="6.335" timestamp="2022-01-24T00:04:50" classname="TestACPLAppMetadataUSM" />
    <testcase name="P0acplKillCSTestACPLRetrieveAppMetadataWithComposite" status="run" result="completed" time="43.799" timestamp="2022-01-24T00:04:57" classname="TestACPLAppMetadataUSM" />
    <testcase name="P0acplKillCSTestACPLRetrieveAppMetadataWithNativeFile" status="run" result="completed" time="44.841" timestamp="2022-01-24T00:05:40" classname="TestACPLAppMetadataUSM" />
    <testcase name="P0acplKillCSTestACPLUpdateAppMetadataWithComposite" status="run" result="completed" time="15.375" timestamp="2022-01-24T00:06:25" classname="TestACPLAppMetadataUSM" />
    <testcase name="P0acplKillCSTestACPLUpdateAppMetadataWithNativeFile" status="run" result="completed" time="12.65" timestamp="2022-01-24T00:06:41" classname="TestACPLAppMetadataUSM" />
  </testsuite>
  <testsuite name="TestACPLIndexResource" tests="5" failures="0" disabled="0" errors="0" time="14.152000000000001" timestamp="2022-01-24T00:06:53">
    <testcase name="acplGetIndexDocumentPathNeverSignedInUser" status="run" result="completed" time="2.075" timestamp="2022-01-24T00:06:53" classname="TestACPLIndexResource" />
    <testcase name="acplGetIndexDocumentPathSignedInUser" status="run" result="completed" time="2.075" timestamp="2022-01-24T00:06:55" classname="TestACPLIndexResource" />
    <testcase name="acplsmokeRefreshIndexDocument" status="run" result="completed" time="2.352" timestamp="2022-01-24T00:06:57" classname="TestACPLIndexResource" />
    <testcase name="acplTestDeleteIndexDocumentInitSync" status="run" result="completed" time="2.497" timestamp="2022-01-24T00:07:00" classname="TestACPLIndexResource" />
    <testcase name="acplTestDeleteIndexDocumentPauseResume" status="run" result="completed" time="5.153" timestamp="2022-01-24T00:07:02" classname="TestACPLIndexResource" />
  </testsuite>
  <testsuite name="TestACPLGetForkedAssets" tests="4" failures="0" disabled="0" errors="0" time="152.387" timestamp="2022-01-24T00:07:07">
    <testcase name="acplTestACPLGetForkedAssetsFromRootFolderViaId" status="run" result="completed" time="34.904" timestamp="2022-01-24T00:07:07" classname="TestACPLGetForkedAssets" />
    <testcase name="acplTestACPLGetForkedAssetsFromRootFolderViaPath" status="run" result="completed" time="32.053" timestamp="2022-01-24T00:07:42" classname="TestACPLGetForkedAssets" />
    <testcase name="acplTestACPLGetForkedAssetsFromNestedFolderViaId" status="run" result="completed" time="42.863" timestamp="2022-01-24T00:08:14" classname="TestACPLGetForkedAssets" />
    <testcase name="acplTestACPLGetForkedAssetsFromNestedFolderViaPath" status="run" result="completed" time="42.567" timestamp="2022-01-24T00:08:57" classname="TestACPLGetForkedAssets" />
  </testsuite>
  <testsuite name="TestACPLFolderRestartSync" tests="6" failures="0" disabled="0" errors="0" time="400.87" timestamp="2022-01-24T00:09:40">
    <testcase name="acplfolderTestACPLCreateEmptyDirectoryRestart" status="run" result="completed" time="22.958" timestamp="2022-01-24T00:09:40" classname="TestACPLFolderRestartSync" />
    <testcase name="acplfolderTestACPLMoveCompositeInAFolderRemoteInDirectoryFrom1ToRRestart" status="run" result="completed" time="63.151" timestamp="2022-01-24T00:10:03" classname="TestACPLFolderRestartSync" />
    <testcase name="acplfolderTestACPLMoveCompositeInAFolderRemoteInDirectoryFromRTo2Restart" status="run" result="completed" time="56.103" timestamp="2022-01-24T00:11:06" classname="TestACPLFolderRestartSync" />
    <testcase name="acplfolderTestACPLMoveCompositeInAFolderLocalInDirectoryFrom1To2Restart" status="run" result="completed" time="135.982" timestamp="2022-01-24T00:12:02" classname="TestACPLFolderRestartSync" />
    <testcase name="acplfolderTestACPLVerifyCacheListingwithRestart" status="run" result="completed" time="57.32" timestamp="2022-01-24T00:14:18" classname="TestACPLFolderRestartSync" />
    <testcase name="acplfolderTestACPLMoveCompositeInAFolderLocalInDirectoryFrom2ToRRestart" status="run" result="completed" time="65.356" timestamp="2022-01-24T00:15:15" classname="TestACPLFolderRestartSync" />
  </testsuite>
  <testsuite name="TestPinningRestart" tests="2" failures="0" disabled="0" errors="0" time="231.725" timestamp="2022-01-24T00:16:21">
    <testcase name="acpltestACPLPinningCoreSyncRestart" status="run" result="completed" time="103.934" timestamp="2022-01-24T00:16:21" classname="TestPinningRestart" />
    <testcase name="acpltestACPLStopCoreSyncExplicitPin" status="run" result="completed" time="127.791" timestamp="2022-01-24T00:18:05" classname="TestPinningRestart">
      </testcase>
  </testsuite>
  <testsuite name="TestACPLStopStartJobCompositeSync" tests="4" failures="0" disabled="0" errors="0" time="112.119" timestamp="2022-01-24T00:20:13">
    <testcase name="acplTestACPLStopStartJobCompositeSync" status="run" result="completed" time="22.577" timestamp="2022-01-24T00:20:13" classname="TestACPLStopStartJobCompositeSync" />
    <testcase name="acplTestACPLStopStartJobCompositeDelete" status="run" result="completed" time="19.314" timestamp="2022-01-24T00:20:35" classname="TestACPLStopStartJobCompositeSync" />
    <testcase name="acplTestACPLStopStartJobChangeCompositeTitle" status="run" result="completed" time="28.145" timestamp="2022-01-24T00:20:55" classname="TestACPLStopStartJobCompositeSync" />
    <testcase name="acplTestACPLStopStartJobMultipleCompositesDelete" status="run" result="completed" time="42.083" timestamp="2022-01-24T00:21:23" classname="TestACPLStopStartJobCompositeSync" />
  </testsuite>
  <testsuite name="TestACPLDeleteAndRecreateDBPath" tests="2" failures="0" disabled="0" errors="0" time="202.53300000000002" timestamp="2022-01-24T00:22:05">
    <testcase name="acplTestACPLDeleteAndRecreateDBPath" status="run" result="completed" time="137.078" timestamp="2022-01-24T00:22:05" classname="TestACPLDeleteAndRecreateDBPath" />
    <testcase name="acplKillCSTestFailCreationByDBLock" status="run" result="completed" time="65.455" timestamp="2022-01-24T00:24:22" classname="TestACPLDeleteAndRecreateDBPath" />
  </testsuite>
  <testsuite name="TestACPLCosyControllerImpl" tests="5" failures="0" disabled="0" errors="0" time="89.317" timestamp="2022-01-24T00:25:27">
    <testcase name="acplKillCSTestCosyControllerGetCachedDBPath" status="run" result="completed" time="8.094" timestamp="2022-01-24T00:25:27" classname="TestACPLCosyControllerImpl" />
    <testcase name="acplKillCSTestCosyControllerGetCSDBPath" status="run" result="completed" time="8.086" timestamp="2022-01-24T00:25:36" classname="TestACPLCosyControllerImpl" />
    <testcase name="acplKillCSTestCosyControllerSetReponsiveSize" status="run" result="completed" time="8.095" timestamp="2022-01-24T00:25:44" classname="TestACPLCosyControllerImpl" />
    <testcase name="acplKillCSTestCosyControllerCancelPending" status="run" result="completed" time="3.123" timestamp="2022-01-24T00:25:52" classname="TestACPLCosyControllerImpl" />
    <testcase name="acplKillCSTestCosyControllerArchivePathCancel" status="run" result="completed" time="61.919" timestamp="2022-01-24T00:25:55" classname="TestACPLCosyControllerImpl" />
  </testsuite>
  <testsuite name="TestACPLQuota" tests="1" failures="0" disabled="1" errors="0" time="0.0" timestamp="1969-12-31T16:00:00">
    <testcase name="DISABLED_acpltestCreateBigCompositeInFullQuota" status="notrun" result="suppressed" time="0" timestamp="1969-12-31T16:00:00" classname="TestACPLQuota" />
  </testsuite>
  <testsuite name="TestACPLLogTime" tests="1" failures="0" disabled="0" errors="0" time="10.395" timestamp="2022-01-24T00:26:57">
    <testcase name="acplsmokeInitSyncTime" status="run" result="completed" time="10.395" timestamp="2022-01-24T00:26:57" classname="TestACPLLogTime" />
  </testsuite>
  <testsuite name="TestACPLasyncProcessingFlag" tests="1" failures="0" disabled="1" errors="0" time="0.0" timestamp="1969-12-31T16:00:00">
    <testcase name="DISABLED_acplTestMultipleInitSync" status="notrun" result="suppressed" time="0" timestamp="1969-12-31T16:00:00" classname="TestACPLasyncProcessingFlag" />
  </testsuite>
  <testsuite name="TestACPLCSDBCorruption" tests="3" failures="0" disabled="0" errors="0" time="600.794" timestamp="2022-01-24T00:27:07">
    <testcase name="acplKillCSTestCSDBCorruptedAndFileAddedOnRemote" status="run" result="completed" time="70.554" timestamp="2022-01-24T00:27:07" classname="TestACPLCSDBCorruption" />
    <testcase name="acplKillCSTestACPLCSDBCorruptedAndCompositeAddedOnRemote" status="run" result="completed" time="184.051" timestamp="2022-01-24T00:28:18" classname="TestACPLCSDBCorruption" />
    <testcase name="acplKillCSTestACPLCSDBCorruptedAndCompositeAddedOnRemoteAgainCorruptDB" status="run" result="completed" time="346.189" timestamp="2022-01-24T00:31:22" classname="TestACPLCSDBCorruption" />
  </testsuite>
  <testsuite name="TestCosyControllerAPIs" tests="1" failures="0" disabled="0" errors="0" time="31.259" timestamp="2022-01-24T00:37:08">
    <testcase name="acplKillCSTestCosyControllerChangeDbPermissionLaunchCoresync" status="run" result="completed" time="31.259" timestamp="2022-01-24T00:37:08" classname="TestCosyControllerAPIs" />
  </testsuite>
</testsuites>